<?xml version="1.0" encoding="utf-8"?><testsuites name="pytest tests"><testsuite name="pytest" errors="0" failures="41" skipped="13" tests="1047" time="116.050" timestamp="2026-03-05T07:08:22.397171+00:00" hostname="d79b45a13e3e"><testcase classname="tests.test_auto_create_e2e" name="test_auto_create_skill_on_unknown_intent" time="0.771" /><testcase classname="tests.test_auto_create_e2e" name="test_auto_create_skill_on_empty_results" time="0.530" /><testcase classname="tests.test_auto_create_e2e" name="test_generate_skill_name" time="0.264" /><testcase classname="tests.test_e2e.TestIntentEngineKeywords" name="test_build_app_pl" time="0.016" /><testcase classname="tests.test_e2e.TestIntentEngineKeywords" name="test_create_skill_pl" time="0.021" /><testcase classname="tests.test_e2e.TestIntentEngineKeywords" name="test_dictate_en" time="0.007" /><testcase classname="tests.test_e2e.TestIntentEngineKeywords" name="test_evolve_has_priority" time="0.040" /><testcase classname="tests.test_e2e.TestIntentEngineKeywords" name="test_evolve_skill_pl" time="0.018" /><testcase classname="tests.test_e2e.TestIntentEngineKeywords" name="test_fix_en" time="0.018" /><testcase classname="tests.test_e2e.TestIntentEngineKeywords" name="test_greet_command_pl" time="0.007" /><testcase classname="tests.test_e2e.TestIntentEngineKeywords" name="test_improve_voice_pl" time="0.017" /><testcase classname="tests.test_e2e.TestIntentEngineKeywords" name="test_install_pl" time="0.037" /><testcase classname="tests.test_e2e.TestIntentEngineKeywords" name="test_listen_pl" time="0.028" /><testcase classname="tests.test_e2e.TestIntentEngineKeywords" name="test_microphone_pl" time="0.030" /><testcase classname="tests.test_e2e.TestIntentEngineKeywords" name="test_read_aloud" time="0.006" /><testcase classname="tests.test_e2e.TestIntentEngineKeywords" name="test_say_command_en" time="0.006" /><testcase classname="tests.test_e2e.TestIntentEngineKeywords" name="test_speak_command_en" time="0.005" /><testcase classname="tests.test_e2e.TestIntentEngineKeywords" name="test_speak_command_pl" time="0.007" /><testcase classname="tests.test_e2e.TestIntentEngineKeywords" name="test_stt_not_available" time="0.029" /><testcase classname="tests.test_e2e.TestIntentEngineKeywords" name="test_transcribe_pl" time="0.007" /><testcase classname="tests.test_e2e.TestIntentEngineKeywords" name="test_trivial_greeting" time="0.001" /><testcase classname="tests.test_e2e.TestIntentEngineKeywords" name="test_trivial_ok" time="0.001" /><testcase classname="tests.test_e2e.TestIntentEngineKeywords" name="test_trivial_short" time="0.001" /><testcase classname="tests.test_e2e.TestIntentEngineKeywords" name="test_tts_speak_aloud" time="0.007" /><testcase classname="tests.test_e2e.TestIntentEngineKeywords" name="test_voice_ambiguous" time="0.007" /><testcase classname="tests.test_e2e.TestIntentEngineTopics" name="test_record_correction" time="0.022" /><testcase classname="tests.test_e2e.TestIntentEngineTopics" name="test_topic_from_git_result" time="0.001" /><testcase classname="tests.test_e2e.TestIntentEngineTopics" name="test_topic_from_shell_result" time="0.001" /><testcase classname="tests.test_e2e.TestIntentEngineTopics" name="test_topic_from_stt_result" time="0.001" /><testcase classname="tests.test_e2e.TestIntentEngineTopics" name="test_topic_from_web_result" time="0.001" /><testcase classname="tests.test_e2e.TestIntentEngineTopics" name="test_topic_tracking_accumulates" time="0.001" /><testcase classname="tests.test_e2e.TestProviderSelector" name="test_coqui_is_premium_tier" time="0.002"><failure message="AssertionError: 'standard' != 'premium'&#10;- standard&#10;+ premium">tests/test_e2e.py:305: in test_coqui_is_premium_tier
    self.assertEqual(info.tier, "premium")
E   AssertionError: 'standard' != 'premium'
E   - standard
E   + premium</failure></testcase><testcase classname="tests.test_e2e.TestProviderSelector" name="test_espeak_is_lite_tier" time="0.001"><failure message="AssertionError: 'standard' != 'lite'&#10;- standard&#10;+ lite">tests/test_e2e.py:300: in test_espeak_is_lite_tier
    self.assertEqual(info.tier, "lite")
E   AssertionError: 'standard' != 'lite'
E   - standard
E   + lite</failure></testcase><testcase classname="tests.test_e2e.TestProviderSelector" name="test_force_provider" time="0.001"><failure message="AssertionError: 'pyttsx3' != 'espeak'&#10;- pyttsx3&#10;+ espeak">tests/test_e2e.py:341: in test_force_provider
    self.assertEqual(selected, "espeak")
E   AssertionError: 'pyttsx3' != 'espeak'
E   - pyttsx3
E   + espeak</failure></testcase><testcase classname="tests.test_e2e.TestProviderSelector" name="test_legacy_skills_default_provider" time="0.001" /><testcase classname="tests.test_e2e.TestProviderSelector" name="test_list_capabilities" time="0.006" /><testcase classname="tests.test_e2e.TestProviderSelector" name="test_manifest_loading" time="0.001"><failure message="AssertionError: 'espeak' not found in ['piper', 'pyttsx3']">tests/test_e2e.py:361: in test_manifest_loading
    self.assertIn("espeak", manifest["providers"])
E   AssertionError: 'espeak' not found in ['piper', 'pyttsx3']</failure></testcase><testcase classname="tests.test_e2e.TestProviderSelector" name="test_reliability_preference" time="0.004"><failure message="AssertionError: 'pyttsx3' != 'espeak'&#10;- pyttsx3&#10;+ espeak">tests/test_e2e.py:351: in test_reliability_preference
    self.assertEqual(selected, "espeak")
E   AssertionError: 'pyttsx3' != 'espeak'
E   - pyttsx3
E   + espeak</failure></testcase><testcase classname="tests.test_e2e.TestProviderSelector" name="test_skill_path_resolution" time="0.001"><failure message="AssertionError: unexpectedly None">tests/test_e2e.py:365: in test_skill_path_resolution
    self.assertIsNotNone(path)
E   AssertionError: unexpectedly None</failure></testcase><testcase classname="tests.test_e2e.TestProviderSelector" name="test_speed_preference_selects_lite" time="0.004"><failure message="AssertionError: 'pyttsx3' != 'espeak'&#10;- pyttsx3&#10;+ espeak">tests/test_e2e.py:346: in test_speed_preference_selects_lite
    self.assertEqual(selected, "espeak")
E   AssertionError: 'pyttsx3' != 'espeak'
E   - pyttsx3
E   + espeak</failure></testcase><testcase classname="tests.test_e2e.TestProviderSelector" name="test_stt_has_providers" time="0.001" /><testcase classname="tests.test_e2e.TestProviderSelector" name="test_summary_output" time="0.032"><failure message="AssertionError: 'espeak' not found in '  _health_: default(q=0.765,standard,OK) &lt;-\n  account_creator: default(q=5,standard,OK) &lt;-\n  actionchat: default(q=5,standard,OK) &lt;-\n  auto: default(q=0.99,standard,OK) &lt;-\n  benchmark: default(q=1.0,standard,OK) &lt;-\n  calculator_advanced: default(q=5,standard,OK) &lt;-\n  chat: default(q=5,standard,OK) &lt;-\n  clipboard: default(q=5,standard,OK) &lt;-\n  content_search: default(q=5,standard,OK) &lt;-\n  converter: default(q=5,standard,OK) &lt;-\n  core_loader: default(q=0.765,standard,OK) &lt;-\n  currency_converter_gbp_to_jpy: default(q=0.765,standard,OK) &lt;-\n  deps: default(q=0.715,standard,OK) &lt;-\n  devops: default(q=0.5,standard,OK) &lt;-\n  diagnostic_runner: default(q=5,standard,OK) &lt;-\n  document_editor: default(q=5,standard,OK) &lt;-\n  document_publisher: default(q=5,standard,OK) &lt;-\n  document_reader: default(q=5,standard,OK) &lt;-\n  document_search: default(q=5,standard,OK) &lt;-\n  echo: default(q=5,standard,OK) &lt;-\n  email_client: default(q=5,standard,OK) &lt;-\n  evo_engine_bootstrap: default(q=0.765,standard,OK) &lt;-\n  file_manager: default(q=5,standard,OK) &lt;-\n  first_installment: default(q=0.815,standard,OK) &lt;-\n  gbp_to_jpy_converter: default(q=0.94,standard,OK) &lt;-\n  git_ops: default(q=5,standard,OK) &lt;-\n  health: default(q=0.94,standard,OK) &lt;-\n  hw_test: default(q=0.97,standard,OK) &lt;-\n  interior_inspection: default(q=0.765,standard,OK) &lt;-\n  invalid_input_handler: default(q=5,standard,OK) &lt;-\n  json_validator: default(q=5,standard,OK) &lt;-\n  kalkulator: default(q=0.91,standard,OK) &lt;-\n  ksef_integration: default(q=5,standard,OK) &lt;-\n  llm: default(q=0.99,standard,OK) &lt;-\n  llm_router: default(q=5,standard,OK) &lt;-\n  local_computer_discovery: default(q=0.815,standard,OK) &lt;-\n  network_info: default(q=5,standard,OK) &lt;-\n  network_tools: default(q=5,standard,OK) &lt;-\n  notes: default(q=5,standard,OK) &lt;-\n  openrouter: default(q=5,standard,OK) &lt;-\n  openrouter_api_test: default(q=5,standard,OK) &lt;-\n  openrouter_automation: default(q=5,standard,OK) &lt;-\n  password_generator: default(q=5,standard,OK) &lt;-\n  pound_to_yen_converter: default(q=0.765,standard,OK) &lt;-\n  process_manager: default(q=5,standard,OK) &lt;-\n  qr_generator: default(q=5,standard,OK) &lt;-\n  separator_line: default(q=0.94,standard,OK) &lt;-\n  shell: default(q=0.59,standard,OK) &lt;-\n  social_media_manager: default(q=5,standard,OK) &lt;-\n  stt: vosk(q=6,standard,X) | whisper(q=9,premium,X) &lt;-\n  system_info: default(q=5,standard,OK) &lt;-\n  task_manager: default(q=5,standard,OK) &lt;-\n  test_supervisor_probe: default(q=5,standard,OK) &lt;-\n  text_processor_: default(q=5,standard,OK) &lt;-\n  text_summarizer: default(q=5,standard,OK) &lt;-\n  time: default(q=5,standard,OK) &lt;-\n  tts: piper(q=9,premium,X) | pyttsx3(q=10,standard,X) &lt;-\n  url_codec: default(q=5,standard,OK) &lt;-\n  weather: default(q=0.815,standard,OK) &lt;-\n  weather_gdansk: default(q=0.815,standard,OK) &lt;-\n  web_automation: default(q=5,standard,OK) &lt;-\n  web_search: duckduckgo(q=5,lite,OK) &lt;-\n  zarz_dzania: default(q=5,standard,OK) &lt;-'">tests/test_e2e.py:372: in test_summary_output
    self.assertIn("espeak", summary)
E   AssertionError: 'espeak' not found in '  _health_: default(q=0.765,standard,OK) &lt;-\n  account_creator: default(q=5,standard,OK) &lt;-\n  actionchat: default(q=5,standard,OK) &lt;-\n  auto: default(q=0.99,standard,OK) &lt;-\n  benchmark: default(q=1.0,standard,OK) &lt;-\n  calculator_advanced: default(q=5,standard,OK) &lt;-\n  chat: default(q=5,standard,OK) &lt;-\n  clipboard: default(q=5,standard,OK) &lt;-\n  content_search: default(q=5,standard,OK) &lt;-\n  converter: default(q=5,standard,OK) &lt;-\n  core_loader: default(q=0.765,standard,OK) &lt;-\n  currency_converter_gbp_to_jpy: default(q=0.765,standard,OK) &lt;-\n  deps: default(q=0.715,standard,OK) &lt;-\n  devops: default(q=0.5,standard,OK) &lt;-\n  diagnostic_runner: default(q=5,standard,OK) &lt;-\n  document_editor: default(q=5,standard,OK) &lt;-\n  document_publisher: default(q=5,standard,OK) &lt;-\n  document_reader: default(q=5,standard,OK) &lt;-\n  document_search: default(q=5,standard,OK) &lt;-\n  echo: default(q=5,standard,OK) &lt;-\n  email_client: default(q=5,standard,OK) &lt;-\n  evo_engine_bootstrap: default(q=0.765,standard,OK) &lt;-\n  file_manager: default(q=5,standard,OK) &lt;-\n  first_installment: default(q=0.815,standard,OK) &lt;-\n  gbp_to_jpy_converter: default(q=0.94,standard,OK) &lt;-\n  git_ops: default(q=5,standard,OK) &lt;-\n  health: default(q=0.94,standard,OK) &lt;-\n  hw_test: default(q=0.97,standard,OK) &lt;-\n  interior_inspection: default(q=0.765,standard,OK) &lt;-\n  invalid_input_handler: default(q=5,standard,OK) &lt;-\n  json_validator: default(q=5,standard,OK) &lt;-\n  kalkulator: default(q=0.91,standard,OK) &lt;-\n  ksef_integration: default(q=5,standard,OK) &lt;-\n  llm: default(q=0.99,standard,OK) &lt;-\n  llm_router: default(q=5,standard,OK) &lt;-\n  local_computer_discovery: default(q=0.815,standard,OK) &lt;-\n  network_info: default(q=5,standard,OK) &lt;-\n  network_tools: default(q=5,standard,OK) &lt;-\n  notes: default(q=5,standard,OK) &lt;-\n  openrouter: default(q=5,standard,OK) &lt;-\n  openrouter_api_test: default(q=5,standard,OK) &lt;-\n  openrouter_automation: default(q=5,standard,OK) &lt;-\n  password_generator: default(q=5,standard,OK) &lt;-\n  pound_to_yen_converter: default(q=0.765,standard,OK) &lt;-\n  process_manager: default(q=5,standard,OK) &lt;-\n  qr_generator: default(q=5,standard,OK) &lt;-\n  separator_line: default(q=0.94,standard,OK) &lt;-\n  shell: default(q=0.59,standard,OK) &lt;-\n  social_media_manager: default(q=5,standard,OK) &lt;-\n  stt: vosk(q=6,standard,X) | whisper(q=9,premium,X) &lt;-\n  system_info: default(q=5,standard,OK) &lt;-\n  task_manager: default(q=5,standard,OK) &lt;-\n  test_supervisor_probe: default(q=5,standard,OK) &lt;-\n  text_processor_: default(q=5,standard,OK) &lt;-\n  text_summarizer: default(q=5,standard,OK) &lt;-\n  time: default(q=5,standard,OK) &lt;-\n  tts: piper(q=9,premium,X) | pyttsx3(q=10,standard,X) &lt;-\n  url_codec: default(q=5,standard,OK) &lt;-\n  weather: default(q=0.815,standard,OK) &lt;-\n  weather_gdansk: default(q=0.815,standard,OK) &lt;-\n  web_automation: default(q=5,standard,OK) &lt;-\n  web_search: duckduckgo(q=5,lite,OK) &lt;-\n  zarz_dzania: default(q=5,standard,OK) &lt;-'</failure></testcase><testcase classname="tests.test_e2e.TestProviderSelector" name="test_tts_has_multiple_providers" time="0.001"><failure message="AssertionError: 'espeak' not found in ['piper', 'pyttsx3']">tests/test_e2e.py:289: in test_tts_has_multiple_providers
    self.assertIn("espeak", providers)
E   AssertionError: 'espeak' not found in ['piper', 'pyttsx3']</failure></testcase><testcase classname="tests.test_e2e.TestProviderSelector" name="test_tts_selects_espeak_on_basic_system" time="0.004"><failure message="AssertionError: 'pyttsx3' != 'espeak'&#10;- pyttsx3&#10;+ espeak">tests/test_e2e.py:317: in test_tts_selects_espeak_on_basic_system
    self.assertEqual(selected, "espeak")
E   AssertionError: 'pyttsx3' != 'espeak'
E   - pyttsx3
E   + espeak</failure></testcase><testcase classname="tests.test_e2e.TestProviderSelector" name="test_tts_selects_piper_when_available" time="0.006" /><testcase classname="tests.test_e2e.TestProviderChain" name="test_build_chain_returns_list" time="0.002" /><testcase classname="tests.test_e2e.TestProviderChain" name="test_chain_espeak_first_for_quality" time="0.002"><failure message="AssertionError: 'piper' != 'espeak'&#10;- piper&#10;+ espeak">tests/test_e2e.py:395: in test_chain_espeak_first_for_quality
    self.assertEqual(chain[0], "espeak")
E   AssertionError: 'piper' != 'espeak'
E   - piper
E   + espeak</failure></testcase><testcase classname="tests.test_e2e.TestProviderChain" name="test_chain_includes_espeak" time="0.003"><failure message="AssertionError: 'espeak' not found in ['piper']">tests/test_e2e.py:390: in test_chain_includes_espeak
    self.assertIn("espeak", chain)
E   AssertionError: 'espeak' not found in ['piper']</failure></testcase><testcase classname="tests.test_e2e.TestProviderChain" name="test_chain_summary_format" time="0.003"><failure message="AssertionError: 'espeak' not found in 'tts: 1. piper'">tests/test_e2e.py:438: in test_chain_summary_format
    self.assertIn("espeak", summary)
E   AssertionError: 'espeak' not found in 'tts: 1. piper'</failure></testcase><testcase classname="tests.test_e2e.TestProviderChain" name="test_demoted_provider_pushed_to_end" time="0.003" /><testcase classname="tests.test_e2e.TestProviderChain" name="test_demotion_after_threshold" time="0.001" /><testcase classname="tests.test_e2e.TestProviderChain" name="test_record_failure_increments" time="0.001" /><testcase classname="tests.test_e2e.TestProviderChain" name="test_recovery_after_successes" time="0.001" /><testcase classname="tests.test_e2e.TestProviderChain" name="test_select_best_returns_string" time="0.003"><failure message="AssertionError: 'piper' != 'espeak'&#10;- piper&#10;+ espeak">tests/test_e2e.py:400: in test_select_best_returns_string
    self.assertEqual(best, "espeak")
E   AssertionError: 'piper' != 'espeak'
E   - piper
E   + espeak</failure></testcase><testcase classname="tests.test_e2e.TestProviderChain" name="test_select_with_fallback_returns_ordered_list" time="0.003" /><testcase classname="tests.test_e2e.TestProviderChain" name="test_stats_initial_zero" time="0.001" /><testcase classname="tests.test_e2e.TestProviderChain" name="test_success_resets_failure_count" time="0.001" /><testcase classname="tests.test_e2e.TestResourceMonitor" name="test_can_run_espeak" time="0.001" /><testcase classname="tests.test_e2e.TestResourceMonitor" name="test_can_run_impossible_ram" time="0.001" /><testcase classname="tests.test_e2e.TestResourceMonitor" name="test_can_run_low_ram" time="0.001" /><testcase classname="tests.test_e2e.TestResourceMonitor" name="test_can_run_missing_system_package" time="0.001" /><testcase classname="tests.test_e2e.TestResourceMonitor" name="test_can_run_no_requirements" time="0.001" /><testcase classname="tests.test_e2e.TestResourceMonitor" name="test_cpu_count_positive" time="0.001" /><testcase classname="tests.test_e2e.TestResourceMonitor" name="test_disk_positive" time="0.001" /><testcase classname="tests.test_e2e.TestResourceMonitor" name="test_has_command_nonexistent" time="0.001" /><testcase classname="tests.test_e2e.TestResourceMonitor" name="test_has_command_python" time="0.001" /><testcase classname="tests.test_e2e.TestResourceMonitor" name="test_has_python_package_json" time="0.001" /><testcase classname="tests.test_e2e.TestResourceMonitor" name="test_has_python_package_nonexistent" time="0.001" /><testcase classname="tests.test_e2e.TestResourceMonitor" name="test_ram_positive" time="0.001" /><testcase classname="tests.test_e2e.TestResourceMonitor" name="test_snapshot_has_required_fields" time="0.104" /><testcase classname="tests.test_e2e.TestSkillManagerProviders" name="test_exec_nonexistent_skill" time="0.004" /><testcase classname="tests.test_e2e.TestSkillManagerProviders" name="test_exec_tts_espeak" time="0.072" /><testcase classname="tests.test_e2e.TestSkillManagerProviders" name="test_latest_version_tts" time="0.006" /><testcase classname="tests.test_e2e.TestSkillManagerProviders" name="test_list_skills_includes_provider_skills" time="0.010" /><testcase classname="tests.test_e2e.TestSkillManagerProviders" name="test_skill_path_legacy_still_works" time="0.004" /><testcase classname="tests.test_e2e.TestSkillManagerProviders" name="test_skill_path_resolves_through_provider" time="0.016"><failure message="AssertionError: 'espeak' not found in '/app/skills/tts/providers/pyttsx3/stable/skill.py'">tests/test_e2e.py:549: in test_skill_path_resolves_through_provider
    self.assertIn("espeak", str(p))
E   AssertionError: 'espeak' not found in '/app/skills/tts/providers/pyttsx3/stable/skill.py'</failure></testcase><testcase classname="tests.test_e2e.TestEvoEngineDialogFlow" name="test_chat_dialog_flow" time="0.028" /><testcase classname="tests.test_e2e.TestEvoEngineDialogFlow" name="test_create_dialog_flow" time="20.204" /><testcase classname="tests.test_e2e.TestEvoEngineDialogFlow" name="test_evolve_dialog_flow" time="60.079"><failure message="Failed: Timeout (&gt;60.0s) from pytest-timeout.">tests/test_e2e.py:611: in test_evolve_dialog_flow
    analysis, _ = self._dialog("napraw tts bo źle działa")
                  ^^^^^^^^^^^^^^^^^^^^^^^^^^^^^^^^^^^^^^^^
tests/test_e2e.py:591: in _dialog
    outcome = self.evo.handle_request(user_msg, skills, analysis=analysis)
              ^^^^^^^^^^^^^^^^^^^^^^^^^^^^^^^^^^^^^^^^^^^^^^^^^^^^^^^^^^^^
cores/v1/evo_engine.py:188: in handle_request
    ok, msg = self.sm.smart_evolve(skill_name, feedback, user_msg)
              ^^^^^^^^^^^^^^^^^^^^^^^^^^^^^^^^^^^^^^^^^^^^^^^^^^^^
cores/v1/skill_manager.py:666: in smart_evolve
    is_regression, msg = self._evaluate_and_log(nd, name, nv, old_qr, meta)
                         ^^^^^^^^^^^^^^^^^^^^^^^^^^^^^^^^^^^^^^^^^^^^^^^^^^
cores/v1/skill_manager.py:614: in _evaluate_and_log
    new_qr = self.quality_gate.evaluate(nd / "skill.py", name)
             ^^^^^^^^^^^^^^^^^^^^^^^^^^^^^^^^^^^^^^^^^^^^^^^^^
cores/v1/quality_gate.py:93: in evaluate
    scores["drift_check"] = self._check_drift(skill_path, report)
                            ^^^^^^^^^^^^^^^^^^^^^^^^^^^^^^^^^^^^^
cores/v1/quality_gate.py:257: in _check_drift
    drift_report = detector.detect(capability)
                   ^^^^^^^^^^^^^^^^^^^^^^^^^^^
cores/v1/drift_detector.py:117: in detect
    quality_drift = self._check_quality_drift(capability, manifest)
                    ^^^^^^^^^^^^^^^^^^^^^^^^^^^^^^^^^^^^^^^^^^^^^^^
cores/v1/drift_detector.py:249: in _check_quality_drift
    report = self.quality_gate.evaluate(latest, capability)
             ^^^^^^^^^^^^^^^^^^^^^^^^^^^^^^^^^^^^^^^^^^^^^^
cores/v1/quality_gate.py:93: in evaluate
    scores["drift_check"] = self._check_drift(skill_path, report)
                            ^^^^^^^^^^^^^^^^^^^^^^^^^^^^^^^^^^^^^
cores/v1/quality_gate.py:257: in _check_drift
    drift_report = detector.detect(capability)
                   ^^^^^^^^^^^^^^^^^^^^^^^^^^^
cores/v1/drift_detector.py:117: in detect
    quality_drift = self._check_quality_drift(capability, manifest)
                    ^^^^^^^^^^^^^^^^^^^^^^^^^^^^^^^^^^^^^^^^^^^^^^^
cores/v1/drift_detector.py:249: in _check_quality_drift
    report = self.quality_gate.evaluate(latest, capability)
             ^^^^^^^^^^^^^^^^^^^^^^^^^^^^^^^^^^^^^^^^^^^^^^
cores/v1/quality_gate.py:93: in evaluate
    scores["drift_check"] = self._check_drift(skill_path, report)
                            ^^^^^^^^^^^^^^^^^^^^^^^^^^^^^^^^^^^^^
cores/v1/quality_gate.py:257: in _check_drift
    drift_report = detector.detect(capability)
                   ^^^^^^^^^^^^^^^^^^^^^^^^^^^
cores/v1/drift_detector.py:117: in detect
    quality_drift = self._check_quality_drift(capability, manifest)
                    ^^^^^^^^^^^^^^^^^^^^^^^^^^^^^^^^^^^^^^^^^^^^^^^
cores/v1/drift_detector.py:249: in _check_quality_drift
    report = self.quality_gate.evaluate(latest, capability)
             ^^^^^^^^^^^^^^^^^^^^^^^^^^^^^^^^^^^^^^^^^^^^^^
cores/v1/quality_gate.py:93: in evaluate
    scores["drift_check"] = self._check_drift(skill_path, report)
                            ^^^^^^^^^^^^^^^^^^^^^^^^^^^^^^^^^^^^^
cores/v1/quality_gate.py:257: in _check_drift
    drift_report = detector.detect(capability)
                   ^^^^^^^^^^^^^^^^^^^^^^^^^^^
cores/v1/drift_detector.py:117: in detect
    quality_drift = self._check_quality_drift(capability, manifest)
                    ^^^^^^^^^^^^^^^^^^^^^^^^^^^^^^^^^^^^^^^^^^^^^^^
cores/v1/drift_detector.py:249: in _check_quality_drift
    report = self.quality_gate.evaluate(latest, capability)
             ^^^^^^^^^^^^^^^^^^^^^^^^^^^^^^^^^^^^^^^^^^^^^^
cores/v1/quality_gate.py:93: in evaluate
    scores["drift_check"] = self._check_drift(skill_path, report)
                            ^^^^^^^^^^^^^^^^^^^^^^^^^^^^^^^^^^^^^
cores/v1/quality_gate.py:257: in _check_drift
    drift_report = detector.detect(capability)
                   ^^^^^^^^^^^^^^^^^^^^^^^^^^^
cores/v1/drift_detector.py:117: in detect
    quality_drift = self._check_quality_drift(capability, manifest)
                    ^^^^^^^^^^^^^^^^^^^^^^^^^^^^^^^^^^^^^^^^^^^^^^^
cores/v1/drift_detector.py:249: in _check_quality_drift
    report = self.quality_gate.evaluate(latest, capability)
             ^^^^^^^^^^^^^^^^^^^^^^^^^^^^^^^^^^^^^^^^^^^^^^
cores/v1/quality_gate.py:93: in evaluate
    scores["drift_check"] = self._check_drift(skill_path, report)
                            ^^^^^^^^^^^^^^^^^^^^^^^^^^^^^^^^^^^^^
cores/v1/quality_gate.py:257: in _check_drift
    drift_report = detector.detect(capability)
                   ^^^^^^^^^^^^^^^^^^^^^^^^^^^
cores/v1/drift_detector.py:117: in detect
    quality_drift = self._check_quality_drift(capability, manifest)
                    ^^^^^^^^^^^^^^^^^^^^^^^^^^^^^^^^^^^^^^^^^^^^^^^
cores/v1/drift_detector.py:249: in _check_quality_drift
    report = self.quality_gate.evaluate(latest, capability)
             ^^^^^^^^^^^^^^^^^^^^^^^^^^^^^^^^^^^^^^^^^^^^^^
cores/v1/quality_gate.py:93: in evaluate
    scores["drift_check"] = self._check_drift(skill_path, report)
                            ^^^^^^^^^^^^^^^^^^^^^^^^^^^^^^^^^^^^^
cores/v1/quality_gate.py:257: in _check_drift
    drift_report = detector.detect(capability)
                   ^^^^^^^^^^^^^^^^^^^^^^^^^^^
cores/v1/drift_detector.py:117: in detect
    quality_drift = self._check_quality_drift(capability, manifest)
                    ^^^^^^^^^^^^^^^^^^^^^^^^^^^^^^^^^^^^^^^^^^^^^^^
cores/v1/drift_detector.py:249: in _check_quality_drift
    report = self.quality_gate.evaluate(latest, capability)
             ^^^^^^^^^^^^^^^^^^^^^^^^^^^^^^^^^^^^^^^^^^^^^^
cores/v1/quality_gate.py:93: in evaluate
    scores["drift_check"] = self._check_drift(skill_path, report)
                            ^^^^^^^^^^^^^^^^^^^^^^^^^^^^^^^^^^^^^
cores/v1/quality_gate.py:257: in _check_drift
    drift_report = detector.detect(capability)
                   ^^^^^^^^^^^^^^^^^^^^^^^^^^^
cores/v1/drift_detector.py:117: in detect
    quality_drift = self._check_quality_drift(capability, manifest)
                    ^^^^^^^^^^^^^^^^^^^^^^^^^^^^^^^^^^^^^^^^^^^^^^^
cores/v1/drift_detector.py:249: in _check_quality_drift
    report = self.quality_gate.evaluate(latest, capability)
             ^^^^^^^^^^^^^^^^^^^^^^^^^^^^^^^^^^^^^^^^^^^^^^
cores/v1/quality_gate.py:93: in evaluate
    scores["drift_check"] = self._check_drift(skill_path, report)
                            ^^^^^^^^^^^^^^^^^^^^^^^^^^^^^^^^^^^^^
cores/v1/quality_gate.py:257: in _check_drift
    drift_report = detector.detect(capability)
                   ^^^^^^^^^^^^^^^^^^^^^^^^^^^
cores/v1/drift_detector.py:117: in detect
    quality_drift = self._check_quality_drift(capability, manifest)
                    ^^^^^^^^^^^^^^^^^^^^^^^^^^^^^^^^^^^^^^^^^^^^^^^
cores/v1/drift_detector.py:249: in _check_quality_drift
    report = self.quality_gate.evaluate(latest, capability)
             ^^^^^^^^^^^^^^^^^^^^^^^^^^^^^^^^^^^^^^^^^^^^^^
cores/v1/quality_gate.py:93: in evaluate
    scores["drift_check"] = self._check_drift(skill_path, report)
                            ^^^^^^^^^^^^^^^^^^^^^^^^^^^^^^^^^^^^^
cores/v1/quality_gate.py:257: in _check_drift
    drift_report = detector.detect(capability)
                   ^^^^^^^^^^^^^^^^^^^^^^^^^^^
cores/v1/drift_detector.py:117: in detect
    quality_drift = self._check_quality_drift(capability, manifest)
                    ^^^^^^^^^^^^^^^^^^^^^^^^^^^^^^^^^^^^^^^^^^^^^^^
cores/v1/drift_detector.py:249: in _check_quality_drift
    report = self.quality_gate.evaluate(latest, capability)
             ^^^^^^^^^^^^^^^^^^^^^^^^^^^^^^^^^^^^^^^^^^^^^^
cores/v1/quality_gate.py:93: in evaluate
    scores["drift_check"] = self._check_drift(skill_path, report)
                            ^^^^^^^^^^^^^^^^^^^^^^^^^^^^^^^^^^^^^
cores/v1/quality_gate.py:257: in _check_drift
    drift_report = detector.detect(capability)
                   ^^^^^^^^^^^^^^^^^^^^^^^^^^^
cores/v1/drift_detector.py:117: in detect
    quality_drift = self._check_quality_drift(capability, manifest)
                    ^^^^^^^^^^^^^^^^^^^^^^^^^^^^^^^^^^^^^^^^^^^^^^^
cores/v1/drift_detector.py:249: in _check_quality_drift
    report = self.quality_gate.evaluate(latest, capability)
             ^^^^^^^^^^^^^^^^^^^^^^^^^^^^^^^^^^^^^^^^^^^^^^
cores/v1/quality_gate.py:93: in evaluate
    scores["drift_check"] = self._check_drift(skill_path, report)
                            ^^^^^^^^^^^^^^^^^^^^^^^^^^^^^^^^^^^^^
cores/v1/quality_gate.py:257: in _check_drift
    drift_report = detector.detect(capability)
                   ^^^^^^^^^^^^^^^^^^^^^^^^^^^
cores/v1/drift_detector.py:117: in detect
    quality_drift = self._check_quality_drift(capability, manifest)
                    ^^^^^^^^^^^^^^^^^^^^^^^^^^^^^^^^^^^^^^^^^^^^^^^
cores/v1/drift_detector.py:249: in _check_quality_drift
    report = self.quality_gate.evaluate(latest, capability)
             ^^^^^^^^^^^^^^^^^^^^^^^^^^^^^^^^^^^^^^^^^^^^^^
cores/v1/quality_gate.py:93: in evaluate
    scores["drift_check"] = self._check_drift(skill_path, report)
                            ^^^^^^^^^^^^^^^^^^^^^^^^^^^^^^^^^^^^^
cores/v1/quality_gate.py:257: in _check_drift
    drift_report = detector.detect(capability)
                   ^^^^^^^^^^^^^^^^^^^^^^^^^^^
cores/v1/drift_detector.py:117: in detect
    quality_drift = self._check_quality_drift(capability, manifest)
                    ^^^^^^^^^^^^^^^^^^^^^^^^^^^^^^^^^^^^^^^^^^^^^^^
cores/v1/drift_detector.py:249: in _check_quality_drift
    report = self.quality_gate.evaluate(latest, capability)
             ^^^^^^^^^^^^^^^^^^^^^^^^^^^^^^^^^^^^^^^^^^^^^^
cores/v1/quality_gate.py:93: in evaluate
    scores["drift_check"] = self._check_drift(skill_path, report)
                            ^^^^^^^^^^^^^^^^^^^^^^^^^^^^^^^^^^^^^
cores/v1/quality_gate.py:257: in _check_drift
    drift_report = detector.detect(capability)
                   ^^^^^^^^^^^^^^^^^^^^^^^^^^^
cores/v1/drift_detector.py:117: in detect
    quality_drift = self._check_quality_drift(capability, manifest)
                    ^^^^^^^^^^^^^^^^^^^^^^^^^^^^^^^^^^^^^^^^^^^^^^^
cores/v1/drift_detector.py:249: in _check_quality_drift
    report = self.quality_gate.evaluate(latest, capability)
             ^^^^^^^^^^^^^^^^^^^^^^^^^^^^^^^^^^^^^^^^^^^^^^
cores/v1/quality_gate.py:93: in evaluate
    scores["drift_check"] = self._check_drift(skill_path, report)
                            ^^^^^^^^^^^^^^^^^^^^^^^^^^^^^^^^^^^^^
cores/v1/quality_gate.py:257: in _check_drift
    drift_report = detector.detect(capability)
                   ^^^^^^^^^^^^^^^^^^^^^^^^^^^
cores/v1/drift_detector.py:117: in detect
    quality_drift = self._check_quality_drift(capability, manifest)
                    ^^^^^^^^^^^^^^^^^^^^^^^^^^^^^^^^^^^^^^^^^^^^^^^
cores/v1/drift_detector.py:249: in _check_quality_drift
    report = self.quality_gate.evaluate(latest, capability)
             ^^^^^^^^^^^^^^^^^^^^^^^^^^^^^^^^^^^^^^^^^^^^^^
cores/v1/quality_gate.py:93: in evaluate
    scores["drift_check"] = self._check_drift(skill_path, report)
                            ^^^^^^^^^^^^^^^^^^^^^^^^^^^^^^^^^^^^^
cores/v1/quality_gate.py:257: in _check_drift
    drift_report = detector.detect(capability)
                   ^^^^^^^^^^^^^^^^^^^^^^^^^^^
cores/v1/drift_detector.py:117: in detect
    quality_drift = self._check_quality_drift(capability, manifest)
                    ^^^^^^^^^^^^^^^^^^^^^^^^^^^^^^^^^^^^^^^^^^^^^^^
cores/v1/drift_detector.py:249: in _check_quality_drift
    report = self.quality_gate.evaluate(latest, capability)
             ^^^^^^^^^^^^^^^^^^^^^^^^^^^^^^^^^^^^^^^^^^^^^^
cores/v1/quality_gate.py:93: in evaluate
    scores["drift_check"] = self._check_drift(skill_path, report)
                            ^^^^^^^^^^^^^^^^^^^^^^^^^^^^^^^^^^^^^
cores/v1/quality_gate.py:257: in _check_drift
    drift_report = detector.detect(capability)
                   ^^^^^^^^^^^^^^^^^^^^^^^^^^^
cores/v1/drift_detector.py:117: in detect
    quality_drift = self._check_quality_drift(capability, manifest)
                    ^^^^^^^^^^^^^^^^^^^^^^^^^^^^^^^^^^^^^^^^^^^^^^^
cores/v1/drift_detector.py:249: in _check_quality_drift
    report = self.quality_gate.evaluate(latest, capability)
             ^^^^^^^^^^^^^^^^^^^^^^^^^^^^^^^^^^^^^^^^^^^^^^
cores/v1/quality_gate.py:93: in evaluate
    scores["drift_check"] = self._check_drift(skill_path, report)
                            ^^^^^^^^^^^^^^^^^^^^^^^^^^^^^^^^^^^^^
cores/v1/quality_gate.py:257: in _check_drift
    drift_report = detector.detect(capability)
                   ^^^^^^^^^^^^^^^^^^^^^^^^^^^
cores/v1/drift_detector.py:117: in detect
    quality_drift = self._check_quality_drift(capability, manifest)
                    ^^^^^^^^^^^^^^^^^^^^^^^^^^^^^^^^^^^^^^^^^^^^^^^
cores/v1/drift_detector.py:249: in _check_quality_drift
    report = self.quality_gate.evaluate(latest, capability)
             ^^^^^^^^^^^^^^^^^^^^^^^^^^^^^^^^^^^^^^^^^^^^^^
cores/v1/quality_gate.py:93: in evaluate
    scores["drift_check"] = self._check_drift(skill_path, report)
                            ^^^^^^^^^^^^^^^^^^^^^^^^^^^^^^^^^^^^^
cores/v1/quality_gate.py:257: in _check_drift
    drift_report = detector.detect(capability)
                   ^^^^^^^^^^^^^^^^^^^^^^^^^^^
cores/v1/drift_detector.py:117: in detect
    quality_drift = self._check_quality_drift(capability, manifest)
                    ^^^^^^^^^^^^^^^^^^^^^^^^^^^^^^^^^^^^^^^^^^^^^^^
cores/v1/drift_detector.py:249: in _check_quality_drift
    report = self.quality_gate.evaluate(latest, capability)
             ^^^^^^^^^^^^^^^^^^^^^^^^^^^^^^^^^^^^^^^^^^^^^^
cores/v1/quality_gate.py:93: in evaluate
    scores["drift_check"] = self._check_drift(skill_path, report)
                            ^^^^^^^^^^^^^^^^^^^^^^^^^^^^^^^^^^^^^
cores/v1/quality_gate.py:257: in _check_drift
    drift_report = detector.detect(capability)
                   ^^^^^^^^^^^^^^^^^^^^^^^^^^^
cores/v1/drift_detector.py:117: in detect
    quality_drift = self._check_quality_drift(capability, manifest)
                    ^^^^^^^^^^^^^^^^^^^^^^^^^^^^^^^^^^^^^^^^^^^^^^^
cores/v1/drift_detector.py:249: in _check_quality_drift
    report = self.quality_gate.evaluate(latest, capability)
             ^^^^^^^^^^^^^^^^^^^^^^^^^^^^^^^^^^^^^^^^^^^^^^
cores/v1/quality_gate.py:93: in evaluate
    scores["drift_check"] = self._check_drift(skill_path, report)
                            ^^^^^^^^^^^^^^^^^^^^^^^^^^^^^^^^^^^^^
cores/v1/quality_gate.py:257: in _check_drift
    drift_report = detector.detect(capability)
                   ^^^^^^^^^^^^^^^^^^^^^^^^^^^
cores/v1/drift_detector.py:117: in detect
    quality_drift = self._check_quality_drift(capability, manifest)
                    ^^^^^^^^^^^^^^^^^^^^^^^^^^^^^^^^^^^^^^^^^^^^^^^
cores/v1/drift_detector.py:249: in _check_quality_drift
    report = self.quality_gate.evaluate(latest, capability)
             ^^^^^^^^^^^^^^^^^^^^^^^^^^^^^^^^^^^^^^^^^^^^^^
cores/v1/quality_gate.py:93: in evaluate
    scores["drift_check"] = self._check_drift(skill_path, report)
                            ^^^^^^^^^^^^^^^^^^^^^^^^^^^^^^^^^^^^^
cores/v1/quality_gate.py:257: in _check_drift
    drift_report = detector.detect(capability)
                   ^^^^^^^^^^^^^^^^^^^^^^^^^^^
cores/v1/drift_detector.py:117: in detect
    quality_drift = self._check_quality_drift(capability, manifest)
                    ^^^^^^^^^^^^^^^^^^^^^^^^^^^^^^^^^^^^^^^^^^^^^^^
cores/v1/drift_detector.py:249: in _check_quality_drift
    report = self.quality_gate.evaluate(latest, capability)
             ^^^^^^^^^^^^^^^^^^^^^^^^^^^^^^^^^^^^^^^^^^^^^^
cores/v1/quality_gate.py:93: in evaluate
    scores["drift_check"] = self._check_drift(skill_path, report)
                            ^^^^^^^^^^^^^^^^^^^^^^^^^^^^^^^^^^^^^
cores/v1/quality_gate.py:257: in _check_drift
    drift_report = detector.detect(capability)
                   ^^^^^^^^^^^^^^^^^^^^^^^^^^^
cores/v1/drift_detector.py:117: in detect
    quality_drift = self._check_quality_drift(capability, manifest)
                    ^^^^^^^^^^^^^^^^^^^^^^^^^^^^^^^^^^^^^^^^^^^^^^^
cores/v1/drift_detector.py:249: in _check_quality_drift
    report = self.quality_gate.evaluate(latest, capability)
             ^^^^^^^^^^^^^^^^^^^^^^^^^^^^^^^^^^^^^^^^^^^^^^
cores/v1/quality_gate.py:93: in evaluate
    scores["drift_check"] = self._check_drift(skill_path, report)
                            ^^^^^^^^^^^^^^^^^^^^^^^^^^^^^^^^^^^^^
cores/v1/quality_gate.py:257: in _check_drift
    drift_report = detector.detect(capability)
                   ^^^^^^^^^^^^^^^^^^^^^^^^^^^
cores/v1/drift_detector.py:117: in detect
    quality_drift = self._check_quality_drift(capability, manifest)
                    ^^^^^^^^^^^^^^^^^^^^^^^^^^^^^^^^^^^^^^^^^^^^^^^
cores/v1/drift_detector.py:249: in _check_quality_drift
    report = self.quality_gate.evaluate(latest, capability)
             ^^^^^^^^^^^^^^^^^^^^^^^^^^^^^^^^^^^^^^^^^^^^^^
cores/v1/quality_gate.py:93: in evaluate
    scores["drift_check"] = self._check_drift(skill_path, report)
                            ^^^^^^^^^^^^^^^^^^^^^^^^^^^^^^^^^^^^^
cores/v1/quality_gate.py:257: in _check_drift
    drift_report = detector.detect(capability)
                   ^^^^^^^^^^^^^^^^^^^^^^^^^^^
cores/v1/drift_detector.py:117: in detect
    quality_drift = self._check_quality_drift(capability, manifest)
                    ^^^^^^^^^^^^^^^^^^^^^^^^^^^^^^^^^^^^^^^^^^^^^^^
cores/v1/drift_detector.py:249: in _check_quality_drift
    report = self.quality_gate.evaluate(latest, capability)
             ^^^^^^^^^^^^^^^^^^^^^^^^^^^^^^^^^^^^^^^^^^^^^^
cores/v1/quality_gate.py:93: in evaluate
    scores["drift_check"] = self._check_drift(skill_path, report)
                            ^^^^^^^^^^^^^^^^^^^^^^^^^^^^^^^^^^^^^
cores/v1/quality_gate.py:257: in _check_drift
    drift_report = detector.detect(capability)
                   ^^^^^^^^^^^^^^^^^^^^^^^^^^^
cores/v1/drift_detector.py:117: in detect
    quality_drift = self._check_quality_drift(capability, manifest)
                    ^^^^^^^^^^^^^^^^^^^^^^^^^^^^^^^^^^^^^^^^^^^^^^^
cores/v1/drift_detector.py:249: in _check_quality_drift
    report = self.quality_gate.evaluate(latest, capability)
             ^^^^^^^^^^^^^^^^^^^^^^^^^^^^^^^^^^^^^^^^^^^^^^
cores/v1/quality_gate.py:93: in evaluate
    scores["drift_check"] = self._check_drift(skill_path, report)
                            ^^^^^^^^^^^^^^^^^^^^^^^^^^^^^^^^^^^^^
cores/v1/quality_gate.py:257: in _check_drift
    drift_report = detector.detect(capability)
                   ^^^^^^^^^^^^^^^^^^^^^^^^^^^
cores/v1/drift_detector.py:117: in detect
    quality_drift = self._check_quality_drift(capability, manifest)
                    ^^^^^^^^^^^^^^^^^^^^^^^^^^^^^^^^^^^^^^^^^^^^^^^
cores/v1/drift_detector.py:249: in _check_quality_drift
    report = self.quality_gate.evaluate(latest, capability)
             ^^^^^^^^^^^^^^^^^^^^^^^^^^^^^^^^^^^^^^^^^^^^^^
cores/v1/quality_gate.py:93: in evaluate
    scores["drift_check"] = self._check_drift(skill_path, report)
                            ^^^^^^^^^^^^^^^^^^^^^^^^^^^^^^^^^^^^^
cores/v1/quality_gate.py:257: in _check_drift
    drift_report = detector.detect(capability)
                   ^^^^^^^^^^^^^^^^^^^^^^^^^^^
cores/v1/drift_detector.py:117: in detect
    quality_drift = self._check_quality_drift(capability, manifest)
                    ^^^^^^^^^^^^^^^^^^^^^^^^^^^^^^^^^^^^^^^^^^^^^^^
cores/v1/drift_detector.py:249: in _check_quality_drift
    report = self.quality_gate.evaluate(latest, capability)
             ^^^^^^^^^^^^^^^^^^^^^^^^^^^^^^^^^^^^^^^^^^^^^^
cores/v1/quality_gate.py:93: in evaluate
    scores["drift_check"] = self._check_drift(skill_path, report)
                            ^^^^^^^^^^^^^^^^^^^^^^^^^^^^^^^^^^^^^
cores/v1/quality_gate.py:257: in _check_drift
    drift_report = detector.detect(capability)
                   ^^^^^^^^^^^^^^^^^^^^^^^^^^^
cores/v1/drift_detector.py:117: in detect
    quality_drift = self._check_quality_drift(capability, manifest)
                    ^^^^^^^^^^^^^^^^^^^^^^^^^^^^^^^^^^^^^^^^^^^^^^^
cores/v1/drift_detector.py:249: in _check_quality_drift
    report = self.quality_gate.evaluate(latest, capability)
             ^^^^^^^^^^^^^^^^^^^^^^^^^^^^^^^^^^^^^^^^^^^^^^
cores/v1/quality_gate.py:93: in evaluate
    scores["drift_check"] = self._check_drift(skill_path, report)
                            ^^^^^^^^^^^^^^^^^^^^^^^^^^^^^^^^^^^^^
cores/v1/quality_gate.py:257: in _check_drift
    drift_report = detector.detect(capability)
                   ^^^^^^^^^^^^^^^^^^^^^^^^^^^
cores/v1/drift_detector.py:117: in detect
    quality_drift = self._check_quality_drift(capability, manifest)
                    ^^^^^^^^^^^^^^^^^^^^^^^^^^^^^^^^^^^^^^^^^^^^^^^
cores/v1/drift_detector.py:249: in _check_quality_drift
    report = self.quality_gate.evaluate(latest, capability)
             ^^^^^^^^^^^^^^^^^^^^^^^^^^^^^^^^^^^^^^^^^^^^^^
cores/v1/quality_gate.py:93: in evaluate
    scores["drift_check"] = self._check_drift(skill_path, report)
                            ^^^^^^^^^^^^^^^^^^^^^^^^^^^^^^^^^^^^^
cores/v1/quality_gate.py:257: in _check_drift
    drift_report = detector.detect(capability)
                   ^^^^^^^^^^^^^^^^^^^^^^^^^^^
cores/v1/drift_detector.py:117: in detect
    quality_drift = self._check_quality_drift(capability, manifest)
                    ^^^^^^^^^^^^^^^^^^^^^^^^^^^^^^^^^^^^^^^^^^^^^^^
cores/v1/drift_detector.py:249: in _check_quality_drift
    report = self.quality_gate.evaluate(latest, capability)
             ^^^^^^^^^^^^^^^^^^^^^^^^^^^^^^^^^^^^^^^^^^^^^^
cores/v1/quality_gate.py:93: in evaluate
    scores["drift_check"] = self._check_drift(skill_path, report)
                            ^^^^^^^^^^^^^^^^^^^^^^^^^^^^^^^^^^^^^
cores/v1/quality_gate.py:257: in _check_drift
    drift_report = detector.detect(capability)
                   ^^^^^^^^^^^^^^^^^^^^^^^^^^^
cores/v1/drift_detector.py:117: in detect
    quality_drift = self._check_quality_drift(capability, manifest)
                    ^^^^^^^^^^^^^^^^^^^^^^^^^^^^^^^^^^^^^^^^^^^^^^^
cores/v1/drift_detector.py:249: in _check_quality_drift
    report = self.quality_gate.evaluate(latest, capability)
             ^^^^^^^^^^^^^^^^^^^^^^^^^^^^^^^^^^^^^^^^^^^^^^
cores/v1/quality_gate.py:93: in evaluate
    scores["drift_check"] = self._check_drift(skill_path, report)
                            ^^^^^^^^^^^^^^^^^^^^^^^^^^^^^^^^^^^^^
cores/v1/quality_gate.py:257: in _check_drift
    drift_report = detector.detect(capability)
                   ^^^^^^^^^^^^^^^^^^^^^^^^^^^
cores/v1/drift_detector.py:117: in detect
    quality_drift = self._check_quality_drift(capability, manifest)
                    ^^^^^^^^^^^^^^^^^^^^^^^^^^^^^^^^^^^^^^^^^^^^^^^
cores/v1/drift_detector.py:249: in _check_quality_drift
    report = self.quality_gate.evaluate(latest, capability)
             ^^^^^^^^^^^^^^^^^^^^^^^^^^^^^^^^^^^^^^^^^^^^^^
cores/v1/quality_gate.py:93: in evaluate
    scores["drift_check"] = self._check_drift(skill_path, report)
                            ^^^^^^^^^^^^^^^^^^^^^^^^^^^^^^^^^^^^^
cores/v1/quality_gate.py:257: in _check_drift
    drift_report = detector.detect(capability)
                   ^^^^^^^^^^^^^^^^^^^^^^^^^^^
cores/v1/drift_detector.py:117: in detect
    quality_drift = self._check_quality_drift(capability, manifest)
                    ^^^^^^^^^^^^^^^^^^^^^^^^^^^^^^^^^^^^^^^^^^^^^^^
cores/v1/drift_detector.py:249: in _check_quality_drift
    report = self.quality_gate.evaluate(latest, capability)
             ^^^^^^^^^^^^^^^^^^^^^^^^^^^^^^^^^^^^^^^^^^^^^^
cores/v1/quality_gate.py:93: in evaluate
    scores["drift_check"] = self._check_drift(skill_path, report)
                            ^^^^^^^^^^^^^^^^^^^^^^^^^^^^^^^^^^^^^
cores/v1/quality_gate.py:257: in _check_drift
    drift_report = detector.detect(capability)
                   ^^^^^^^^^^^^^^^^^^^^^^^^^^^
cores/v1/drift_detector.py:117: in detect
    quality_drift = self._check_quality_drift(capability, manifest)
                    ^^^^^^^^^^^^^^^^^^^^^^^^^^^^^^^^^^^^^^^^^^^^^^^
cores/v1/drift_detector.py:249: in _check_quality_drift
    report = self.quality_gate.evaluate(latest, capability)
             ^^^^^^^^^^^^^^^^^^^^^^^^^^^^^^^^^^^^^^^^^^^^^^
cores/v1/quality_gate.py:93: in evaluate
    scores["drift_check"] = self._check_drift(skill_path, report)
                            ^^^^^^^^^^^^^^^^^^^^^^^^^^^^^^^^^^^^^
cores/v1/quality_gate.py:257: in _check_drift
    drift_report = detector.detect(capability)
                   ^^^^^^^^^^^^^^^^^^^^^^^^^^^
cores/v1/drift_detector.py:117: in detect
    quality_drift = self._check_quality_drift(capability, manifest)
                    ^^^^^^^^^^^^^^^^^^^^^^^^^^^^^^^^^^^^^^^^^^^^^^^
cores/v1/drift_detector.py:249: in _check_quality_drift
    report = self.quality_gate.evaluate(latest, capability)
             ^^^^^^^^^^^^^^^^^^^^^^^^^^^^^^^^^^^^^^^^^^^^^^
cores/v1/quality_gate.py:93: in evaluate
    scores["drift_check"] = self._check_drift(skill_path, report)
                            ^^^^^^^^^^^^^^^^^^^^^^^^^^^^^^^^^^^^^
cores/v1/quality_gate.py:257: in _check_drift
    drift_report = detector.detect(capability)
                   ^^^^^^^^^^^^^^^^^^^^^^^^^^^
cores/v1/drift_detector.py:117: in detect
    quality_drift = self._check_quality_drift(capability, manifest)
                    ^^^^^^^^^^^^^^^^^^^^^^^^^^^^^^^^^^^^^^^^^^^^^^^
cores/v1/drift_detector.py:249: in _check_quality_drift
    report = self.quality_gate.evaluate(latest, capability)
             ^^^^^^^^^^^^^^^^^^^^^^^^^^^^^^^^^^^^^^^^^^^^^^
cores/v1/quality_gate.py:93: in evaluate
    scores["drift_check"] = self._check_drift(skill_path, report)
                            ^^^^^^^^^^^^^^^^^^^^^^^^^^^^^^^^^^^^^
cores/v1/quality_gate.py:257: in _check_drift
    drift_report = detector.detect(capability)
                   ^^^^^^^^^^^^^^^^^^^^^^^^^^^
cores/v1/drift_detector.py:117: in detect
    quality_drift = self._check_quality_drift(capability, manifest)
                    ^^^^^^^^^^^^^^^^^^^^^^^^^^^^^^^^^^^^^^^^^^^^^^^
cores/v1/drift_detector.py:249: in _check_quality_drift
    report = self.quality_gate.evaluate(latest, capability)
             ^^^^^^^^^^^^^^^^^^^^^^^^^^^^^^^^^^^^^^^^^^^^^^
cores/v1/quality_gate.py:93: in evaluate
    scores["drift_check"] = self._check_drift(skill_path, report)
                            ^^^^^^^^^^^^^^^^^^^^^^^^^^^^^^^^^^^^^
cores/v1/quality_gate.py:257: in _check_drift
    drift_report = detector.detect(capability)
                   ^^^^^^^^^^^^^^^^^^^^^^^^^^^
cores/v1/drift_detector.py:117: in detect
    quality_drift = self._check_quality_drift(capability, manifest)
                    ^^^^^^^^^^^^^^^^^^^^^^^^^^^^^^^^^^^^^^^^^^^^^^^
cores/v1/drift_detector.py:249: in _check_quality_drift
    report = self.quality_gate.evaluate(latest, capability)
             ^^^^^^^^^^^^^^^^^^^^^^^^^^^^^^^^^^^^^^^^^^^^^^
cores/v1/quality_gate.py:93: in evaluate
    scores["drift_check"] = self._check_drift(skill_path, report)
                            ^^^^^^^^^^^^^^^^^^^^^^^^^^^^^^^^^^^^^
cores/v1/quality_gate.py:257: in _check_drift
    drift_report = detector.detect(capability)
                   ^^^^^^^^^^^^^^^^^^^^^^^^^^^
cores/v1/drift_detector.py:117: in detect
    quality_drift = self._check_quality_drift(capability, manifest)
                    ^^^^^^^^^^^^^^^^^^^^^^^^^^^^^^^^^^^^^^^^^^^^^^^
cores/v1/drift_detector.py:249: in _check_quality_drift
    report = self.quality_gate.evaluate(latest, capability)
             ^^^^^^^^^^^^^^^^^^^^^^^^^^^^^^^^^^^^^^^^^^^^^^
cores/v1/quality_gate.py:93: in evaluate
    scores["drift_check"] = self._check_drift(skill_path, report)
                            ^^^^^^^^^^^^^^^^^^^^^^^^^^^^^^^^^^^^^
cores/v1/quality_gate.py:257: in _check_drift
    drift_report = detector.detect(capability)
                   ^^^^^^^^^^^^^^^^^^^^^^^^^^^
cores/v1/drift_detector.py:117: in detect
    quality_drift = self._check_quality_drift(capability, manifest)
                    ^^^^^^^^^^^^^^^^^^^^^^^^^^^^^^^^^^^^^^^^^^^^^^^
cores/v1/drift_detector.py:249: in _check_quality_drift
    report = self.quality_gate.evaluate(latest, capability)
             ^^^^^^^^^^^^^^^^^^^^^^^^^^^^^^^^^^^^^^^^^^^^^^
cores/v1/quality_gate.py:93: in evaluate
    scores["drift_check"] = self._check_drift(skill_path, report)
                            ^^^^^^^^^^^^^^^^^^^^^^^^^^^^^^^^^^^^^
cores/v1/quality_gate.py:257: in _check_drift
    drift_report = detector.detect(capability)
                   ^^^^^^^^^^^^^^^^^^^^^^^^^^^
cores/v1/drift_detector.py:117: in detect
    quality_drift = self._check_quality_drift(capability, manifest)
                    ^^^^^^^^^^^^^^^^^^^^^^^^^^^^^^^^^^^^^^^^^^^^^^^
cores/v1/drift_detector.py:249: in _check_quality_drift
    report = self.quality_gate.evaluate(latest, capability)
             ^^^^^^^^^^^^^^^^^^^^^^^^^^^^^^^^^^^^^^^^^^^^^^
cores/v1/quality_gate.py:93: in evaluate
    scores["drift_check"] = self._check_drift(skill_path, report)
                            ^^^^^^^^^^^^^^^^^^^^^^^^^^^^^^^^^^^^^
cores/v1/quality_gate.py:257: in _check_drift
    drift_report = detector.detect(capability)
                   ^^^^^^^^^^^^^^^^^^^^^^^^^^^
cores/v1/drift_detector.py:117: in detect
    quality_drift = self._check_quality_drift(capability, manifest)
                    ^^^^^^^^^^^^^^^^^^^^^^^^^^^^^^^^^^^^^^^^^^^^^^^
cores/v1/drift_detector.py:249: in _check_quality_drift
    report = self.quality_gate.evaluate(latest, capability)
             ^^^^^^^^^^^^^^^^^^^^^^^^^^^^^^^^^^^^^^^^^^^^^^
cores/v1/quality_gate.py:93: in evaluate
    scores["drift_check"] = self._check_drift(skill_path, report)
                            ^^^^^^^^^^^^^^^^^^^^^^^^^^^^^^^^^^^^^
cores/v1/quality_gate.py:257: in _check_drift
    drift_report = detector.detect(capability)
                   ^^^^^^^^^^^^^^^^^^^^^^^^^^^
cores/v1/drift_detector.py:117: in detect
    quality_drift = self._check_quality_drift(capability, manifest)
                    ^^^^^^^^^^^^^^^^^^^^^^^^^^^^^^^^^^^^^^^^^^^^^^^
cores/v1/drift_detector.py:249: in _check_quality_drift
    report = self.quality_gate.evaluate(latest, capability)
             ^^^^^^^^^^^^^^^^^^^^^^^^^^^^^^^^^^^^^^^^^^^^^^
cores/v1/quality_gate.py:93: in evaluate
    scores["drift_check"] = self._check_drift(skill_path, report)
                            ^^^^^^^^^^^^^^^^^^^^^^^^^^^^^^^^^^^^^
cores/v1/quality_gate.py:257: in _check_drift
    drift_report = detector.detect(capability)
                   ^^^^^^^^^^^^^^^^^^^^^^^^^^^
cores/v1/drift_detector.py:117: in detect
    quality_drift = self._check_quality_drift(capability, manifest)
                    ^^^^^^^^^^^^^^^^^^^^^^^^^^^^^^^^^^^^^^^^^^^^^^^
cores/v1/drift_detector.py:249: in _check_quality_drift
    report = self.quality_gate.evaluate(latest, capability)
             ^^^^^^^^^^^^^^^^^^^^^^^^^^^^^^^^^^^^^^^^^^^^^^
cores/v1/quality_gate.py:93: in evaluate
    scores["drift_check"] = self._check_drift(skill_path, report)
                            ^^^^^^^^^^^^^^^^^^^^^^^^^^^^^^^^^^^^^
cores/v1/quality_gate.py:257: in _check_drift
    drift_report = detector.detect(capability)
                   ^^^^^^^^^^^^^^^^^^^^^^^^^^^
cores/v1/drift_detector.py:117: in detect
    quality_drift = self._check_quality_drift(capability, manifest)
                    ^^^^^^^^^^^^^^^^^^^^^^^^^^^^^^^^^^^^^^^^^^^^^^^
cores/v1/drift_detector.py:249: in _check_quality_drift
    report = self.quality_gate.evaluate(latest, capability)
             ^^^^^^^^^^^^^^^^^^^^^^^^^^^^^^^^^^^^^^^^^^^^^^
cores/v1/quality_gate.py:93: in evaluate
    scores["drift_check"] = self._check_drift(skill_path, report)
                            ^^^^^^^^^^^^^^^^^^^^^^^^^^^^^^^^^^^^^
cores/v1/quality_gate.py:257: in _check_drift
    drift_report = detector.detect(capability)
                   ^^^^^^^^^^^^^^^^^^^^^^^^^^^
cores/v1/drift_detector.py:117: in detect
    quality_drift = self._check_quality_drift(capability, manifest)
                    ^^^^^^^^^^^^^^^^^^^^^^^^^^^^^^^^^^^^^^^^^^^^^^^
cores/v1/drift_detector.py:249: in _check_quality_drift
    report = self.quality_gate.evaluate(latest, capability)
             ^^^^^^^^^^^^^^^^^^^^^^^^^^^^^^^^^^^^^^^^^^^^^^
cores/v1/quality_gate.py:93: in evaluate
    scores["drift_check"] = self._check_drift(skill_path, report)
                            ^^^^^^^^^^^^^^^^^^^^^^^^^^^^^^^^^^^^^
cores/v1/quality_gate.py:257: in _check_drift
    drift_report = detector.detect(capability)
                   ^^^^^^^^^^^^^^^^^^^^^^^^^^^
cores/v1/drift_detector.py:117: in detect
    quality_drift = self._check_quality_drift(capability, manifest)
                    ^^^^^^^^^^^^^^^^^^^^^^^^^^^^^^^^^^^^^^^^^^^^^^^
cores/v1/drift_detector.py:249: in _check_quality_drift
    report = self.quality_gate.evaluate(latest, capability)
             ^^^^^^^^^^^^^^^^^^^^^^^^^^^^^^^^^^^^^^^^^^^^^^
cores/v1/quality_gate.py:93: in evaluate
    scores["drift_check"] = self._check_drift(skill_path, report)
                            ^^^^^^^^^^^^^^^^^^^^^^^^^^^^^^^^^^^^^
cores/v1/quality_gate.py:257: in _check_drift
    drift_report = detector.detect(capability)
                   ^^^^^^^^^^^^^^^^^^^^^^^^^^^
cores/v1/drift_detector.py:117: in detect
    quality_drift = self._check_quality_drift(capability, manifest)
                    ^^^^^^^^^^^^^^^^^^^^^^^^^^^^^^^^^^^^^^^^^^^^^^^
cores/v1/drift_detector.py:249: in _check_quality_drift
    report = self.quality_gate.evaluate(latest, capability)
             ^^^^^^^^^^^^^^^^^^^^^^^^^^^^^^^^^^^^^^^^^^^^^^
cores/v1/quality_gate.py:93: in evaluate
    scores["drift_check"] = self._check_drift(skill_path, report)
                            ^^^^^^^^^^^^^^^^^^^^^^^^^^^^^^^^^^^^^
cores/v1/quality_gate.py:257: in _check_drift
    drift_report = detector.detect(capability)
                   ^^^^^^^^^^^^^^^^^^^^^^^^^^^
cores/v1/drift_detector.py:117: in detect
    quality_drift = self._check_quality_drift(capability, manifest)
                    ^^^^^^^^^^^^^^^^^^^^^^^^^^^^^^^^^^^^^^^^^^^^^^^
cores/v1/drift_detector.py:249: in _check_quality_drift
    report = self.quality_gate.evaluate(latest, capability)
             ^^^^^^^^^^^^^^^^^^^^^^^^^^^^^^^^^^^^^^^^^^^^^^
cores/v1/quality_gate.py:93: in evaluate
    scores["drift_check"] = self._check_drift(skill_path, report)
                            ^^^^^^^^^^^^^^^^^^^^^^^^^^^^^^^^^^^^^
cores/v1/quality_gate.py:257: in _check_drift
    drift_report = detector.detect(capability)
                   ^^^^^^^^^^^^^^^^^^^^^^^^^^^
cores/v1/drift_detector.py:117: in detect
    quality_drift = self._check_quality_drift(capability, manifest)
                    ^^^^^^^^^^^^^^^^^^^^^^^^^^^^^^^^^^^^^^^^^^^^^^^
cores/v1/drift_detector.py:249: in _check_quality_drift
    report = self.quality_gate.evaluate(latest, capability)
             ^^^^^^^^^^^^^^^^^^^^^^^^^^^^^^^^^^^^^^^^^^^^^^
cores/v1/quality_gate.py:93: in evaluate
    scores["drift_check"] = self._check_drift(skill_path, report)
                            ^^^^^^^^^^^^^^^^^^^^^^^^^^^^^^^^^^^^^
cores/v1/quality_gate.py:257: in _check_drift
    drift_report = detector.detect(capability)
                   ^^^^^^^^^^^^^^^^^^^^^^^^^^^
cores/v1/drift_detector.py:117: in detect
    quality_drift = self._check_quality_drift(capability, manifest)
                    ^^^^^^^^^^^^^^^^^^^^^^^^^^^^^^^^^^^^^^^^^^^^^^^
cores/v1/drift_detector.py:249: in _check_quality_drift
    report = self.quality_gate.evaluate(latest, capability)
             ^^^^^^^^^^^^^^^^^^^^^^^^^^^^^^^^^^^^^^^^^^^^^^
cores/v1/quality_gate.py:93: in evaluate
    scores["drift_check"] = self._check_drift(skill_path, report)
                            ^^^^^^^^^^^^^^^^^^^^^^^^^^^^^^^^^^^^^
cores/v1/quality_gate.py:257: in _check_drift
    drift_report = detector.detect(capability)
                   ^^^^^^^^^^^^^^^^^^^^^^^^^^^
cores/v1/drift_detector.py:117: in detect
    quality_drift = self._check_quality_drift(capability, manifest)
                    ^^^^^^^^^^^^^^^^^^^^^^^^^^^^^^^^^^^^^^^^^^^^^^^
cores/v1/drift_detector.py:249: in _check_quality_drift
    report = self.quality_gate.evaluate(latest, capability)
             ^^^^^^^^^^^^^^^^^^^^^^^^^^^^^^^^^^^^^^^^^^^^^^
cores/v1/quality_gate.py:93: in evaluate
    scores["drift_check"] = self._check_drift(skill_path, report)
                            ^^^^^^^^^^^^^^^^^^^^^^^^^^^^^^^^^^^^^
cores/v1/quality_gate.py:257: in _check_drift
    drift_report = detector.detect(capability)
                   ^^^^^^^^^^^^^^^^^^^^^^^^^^^
cores/v1/drift_detector.py:117: in detect
    quality_drift = self._check_quality_drift(capability, manifest)
                    ^^^^^^^^^^^^^^^^^^^^^^^^^^^^^^^^^^^^^^^^^^^^^^^
cores/v1/drift_detector.py:249: in _check_quality_drift
    report = self.quality_gate.evaluate(latest, capability)
             ^^^^^^^^^^^^^^^^^^^^^^^^^^^^^^^^^^^^^^^^^^^^^^
cores/v1/quality_gate.py:93: in evaluate
    scores["drift_check"] = self._check_drift(skill_path, report)
                            ^^^^^^^^^^^^^^^^^^^^^^^^^^^^^^^^^^^^^
cores/v1/quality_gate.py:257: in _check_drift
    drift_report = detector.detect(capability)
                   ^^^^^^^^^^^^^^^^^^^^^^^^^^^
cores/v1/drift_detector.py:117: in detect
    quality_drift = self._check_quality_drift(capability, manifest)
                    ^^^^^^^^^^^^^^^^^^^^^^^^^^^^^^^^^^^^^^^^^^^^^^^
cores/v1/drift_detector.py:249: in _check_quality_drift
    report = self.quality_gate.evaluate(latest, capability)
             ^^^^^^^^^^^^^^^^^^^^^^^^^^^^^^^^^^^^^^^^^^^^^^
cores/v1/quality_gate.py:93: in evaluate
    scores["drift_check"] = self._check_drift(skill_path, report)
                            ^^^^^^^^^^^^^^^^^^^^^^^^^^^^^^^^^^^^^
cores/v1/quality_gate.py:257: in _check_drift
    drift_report = detector.detect(capability)
                   ^^^^^^^^^^^^^^^^^^^^^^^^^^^
cores/v1/drift_detector.py:117: in detect
    quality_drift = self._check_quality_drift(capability, manifest)
                    ^^^^^^^^^^^^^^^^^^^^^^^^^^^^^^^^^^^^^^^^^^^^^^^
cores/v1/drift_detector.py:249: in _check_quality_drift
    report = self.quality_gate.evaluate(latest, capability)
             ^^^^^^^^^^^^^^^^^^^^^^^^^^^^^^^^^^^^^^^^^^^^^^
cores/v1/quality_gate.py:93: in evaluate
    scores["drift_check"] = self._check_drift(skill_path, report)
                            ^^^^^^^^^^^^^^^^^^^^^^^^^^^^^^^^^^^^^
cores/v1/quality_gate.py:257: in _check_drift
    drift_report = detector.detect(capability)
                   ^^^^^^^^^^^^^^^^^^^^^^^^^^^
cores/v1/drift_detector.py:117: in detect
    quality_drift = self._check_quality_drift(capability, manifest)
                    ^^^^^^^^^^^^^^^^^^^^^^^^^^^^^^^^^^^^^^^^^^^^^^^
cores/v1/drift_detector.py:249: in _check_quality_drift
    report = self.quality_gate.evaluate(latest, capability)
             ^^^^^^^^^^^^^^^^^^^^^^^^^^^^^^^^^^^^^^^^^^^^^^
cores/v1/quality_gate.py:93: in evaluate
    scores["drift_check"] = self._check_drift(skill_path, report)
                            ^^^^^^^^^^^^^^^^^^^^^^^^^^^^^^^^^^^^^
cores/v1/quality_gate.py:257: in _check_drift
    drift_report = detector.detect(capability)
                   ^^^^^^^^^^^^^^^^^^^^^^^^^^^
cores/v1/drift_detector.py:117: in detect
    quality_drift = self._check_quality_drift(capability, manifest)
                    ^^^^^^^^^^^^^^^^^^^^^^^^^^^^^^^^^^^^^^^^^^^^^^^
cores/v1/drift_detector.py:249: in _check_quality_drift
    report = self.quality_gate.evaluate(latest, capability)
             ^^^^^^^^^^^^^^^^^^^^^^^^^^^^^^^^^^^^^^^^^^^^^^
cores/v1/quality_gate.py:93: in evaluate
    scores["drift_check"] = self._check_drift(skill_path, report)
                            ^^^^^^^^^^^^^^^^^^^^^^^^^^^^^^^^^^^^^
cores/v1/quality_gate.py:257: in _check_drift
    drift_report = detector.detect(capability)
                   ^^^^^^^^^^^^^^^^^^^^^^^^^^^
cores/v1/drift_detector.py:117: in detect
    quality_drift = self._check_quality_drift(capability, manifest)
                    ^^^^^^^^^^^^^^^^^^^^^^^^^^^^^^^^^^^^^^^^^^^^^^^
cores/v1/drift_detector.py:249: in _check_quality_drift
    report = self.quality_gate.evaluate(latest, capability)
             ^^^^^^^^^^^^^^^^^^^^^^^^^^^^^^^^^^^^^^^^^^^^^^
cores/v1/quality_gate.py:93: in evaluate
    scores["drift_check"] = self._check_drift(skill_path, report)
                            ^^^^^^^^^^^^^^^^^^^^^^^^^^^^^^^^^^^^^
cores/v1/quality_gate.py:257: in _check_drift
    drift_report = detector.detect(capability)
                   ^^^^^^^^^^^^^^^^^^^^^^^^^^^
cores/v1/drift_detector.py:117: in detect
    quality_drift = self._check_quality_drift(capability, manifest)
                    ^^^^^^^^^^^^^^^^^^^^^^^^^^^^^^^^^^^^^^^^^^^^^^^
cores/v1/drift_detector.py:249: in _check_quality_drift
    report = self.quality_gate.evaluate(latest, capability)
             ^^^^^^^^^^^^^^^^^^^^^^^^^^^^^^^^^^^^^^^^^^^^^^
cores/v1/quality_gate.py:93: in evaluate
    scores["drift_check"] = self._check_drift(skill_path, report)
                            ^^^^^^^^^^^^^^^^^^^^^^^^^^^^^^^^^^^^^
cores/v1/quality_gate.py:257: in _check_drift
    drift_report = detector.detect(capability)
                   ^^^^^^^^^^^^^^^^^^^^^^^^^^^
cores/v1/drift_detector.py:117: in detect
    quality_drift = self._check_quality_drift(capability, manifest)
                    ^^^^^^^^^^^^^^^^^^^^^^^^^^^^^^^^^^^^^^^^^^^^^^^
cores/v1/drift_detector.py:249: in _check_quality_drift
    report = self.quality_gate.evaluate(latest, capability)
             ^^^^^^^^^^^^^^^^^^^^^^^^^^^^^^^^^^^^^^^^^^^^^^
cores/v1/quality_gate.py:93: in evaluate
    scores["drift_check"] = self._check_drift(skill_path, report)
                            ^^^^^^^^^^^^^^^^^^^^^^^^^^^^^^^^^^^^^
cores/v1/quality_gate.py:257: in _check_drift
    drift_report = detector.detect(capability)
                   ^^^^^^^^^^^^^^^^^^^^^^^^^^^
cores/v1/drift_detector.py:117: in detect
    quality_drift = self._check_quality_drift(capability, manifest)
                    ^^^^^^^^^^^^^^^^^^^^^^^^^^^^^^^^^^^^^^^^^^^^^^^
cores/v1/drift_detector.py:249: in _check_quality_drift
    report = self.quality_gate.evaluate(latest, capability)
             ^^^^^^^^^^^^^^^^^^^^^^^^^^^^^^^^^^^^^^^^^^^^^^
cores/v1/quality_gate.py:93: in evaluate
    scores["drift_check"] = self._check_drift(skill_path, report)
                            ^^^^^^^^^^^^^^^^^^^^^^^^^^^^^^^^^^^^^
cores/v1/quality_gate.py:257: in _check_drift
    drift_report = detector.detect(capability)
                   ^^^^^^^^^^^^^^^^^^^^^^^^^^^
cores/v1/drift_detector.py:117: in detect
    quality_drift = self._check_quality_drift(capability, manifest)
                    ^^^^^^^^^^^^^^^^^^^^^^^^^^^^^^^^^^^^^^^^^^^^^^^
cores/v1/drift_detector.py:249: in _check_quality_drift
    report = self.quality_gate.evaluate(latest, capability)
             ^^^^^^^^^^^^^^^^^^^^^^^^^^^^^^^^^^^^^^^^^^^^^^
cores/v1/quality_gate.py:93: in evaluate
    scores["drift_check"] = self._check_drift(skill_path, report)
                            ^^^^^^^^^^^^^^^^^^^^^^^^^^^^^^^^^^^^^
cores/v1/quality_gate.py:257: in _check_drift
    drift_report = detector.detect(capability)
                   ^^^^^^^^^^^^^^^^^^^^^^^^^^^
cores/v1/drift_detector.py:117: in detect
    quality_drift = self._check_quality_drift(capability, manifest)
                    ^^^^^^^^^^^^^^^^^^^^^^^^^^^^^^^^^^^^^^^^^^^^^^^
cores/v1/drift_detector.py:249: in _check_quality_drift
    report = self.quality_gate.evaluate(latest, capability)
             ^^^^^^^^^^^^^^^^^^^^^^^^^^^^^^^^^^^^^^^^^^^^^^
cores/v1/quality_gate.py:93: in evaluate
    scores["drift_check"] = self._check_drift(skill_path, report)
                            ^^^^^^^^^^^^^^^^^^^^^^^^^^^^^^^^^^^^^
cores/v1/quality_gate.py:257: in _check_drift
    drift_report = detector.detect(capability)
                   ^^^^^^^^^^^^^^^^^^^^^^^^^^^
cores/v1/drift_detector.py:117: in detect
    quality_drift = self._check_quality_drift(capability, manifest)
                    ^^^^^^^^^^^^^^^^^^^^^^^^^^^^^^^^^^^^^^^^^^^^^^^
cores/v1/drift_detector.py:249: in _check_quality_drift
    report = self.quality_gate.evaluate(latest, capability)
             ^^^^^^^^^^^^^^^^^^^^^^^^^^^^^^^^^^^^^^^^^^^^^^
cores/v1/quality_gate.py:93: in evaluate
    scores["drift_check"] = self._check_drift(skill_path, report)
                            ^^^^^^^^^^^^^^^^^^^^^^^^^^^^^^^^^^^^^
cores/v1/quality_gate.py:257: in _check_drift
    drift_report = detector.detect(capability)
                   ^^^^^^^^^^^^^^^^^^^^^^^^^^^
cores/v1/drift_detector.py:117: in detect
    quality_drift = self._check_quality_drift(capability, manifest)
                    ^^^^^^^^^^^^^^^^^^^^^^^^^^^^^^^^^^^^^^^^^^^^^^^
cores/v1/drift_detector.py:249: in _check_quality_drift
    report = self.quality_gate.evaluate(latest, capability)
             ^^^^^^^^^^^^^^^^^^^^^^^^^^^^^^^^^^^^^^^^^^^^^^
cores/v1/quality_gate.py:93: in evaluate
    scores["drift_check"] = self._check_drift(skill_path, report)
                            ^^^^^^^^^^^^^^^^^^^^^^^^^^^^^^^^^^^^^
cores/v1/quality_gate.py:257: in _check_drift
    drift_report = detector.detect(capability)
                   ^^^^^^^^^^^^^^^^^^^^^^^^^^^
cores/v1/drift_detector.py:117: in detect
    quality_drift = self._check_quality_drift(capability, manifest)
                    ^^^^^^^^^^^^^^^^^^^^^^^^^^^^^^^^^^^^^^^^^^^^^^^
cores/v1/drift_detector.py:249: in _check_quality_drift
    report = self.quality_gate.evaluate(latest, capability)
             ^^^^^^^^^^^^^^^^^^^^^^^^^^^^^^^^^^^^^^^^^^^^^^
cores/v1/quality_gate.py:93: in evaluate
    scores["drift_check"] = self._check_drift(skill_path, report)
                            ^^^^^^^^^^^^^^^^^^^^^^^^^^^^^^^^^^^^^
cores/v1/quality_gate.py:257: in _check_drift
    drift_report = detector.detect(capability)
                   ^^^^^^^^^^^^^^^^^^^^^^^^^^^
cores/v1/drift_detector.py:117: in detect
    quality_drift = self._check_quality_drift(capability, manifest)
                    ^^^^^^^^^^^^^^^^^^^^^^^^^^^^^^^^^^^^^^^^^^^^^^^
cores/v1/drift_detector.py:249: in _check_quality_drift
    report = self.quality_gate.evaluate(latest, capability)
             ^^^^^^^^^^^^^^^^^^^^^^^^^^^^^^^^^^^^^^^^^^^^^^
cores/v1/quality_gate.py:93: in evaluate
    scores["drift_check"] = self._check_drift(skill_path, report)
                            ^^^^^^^^^^^^^^^^^^^^^^^^^^^^^^^^^^^^^
cores/v1/quality_gate.py:257: in _check_drift
    drift_report = detector.detect(capability)
                   ^^^^^^^^^^^^^^^^^^^^^^^^^^^
cores/v1/drift_detector.py:117: in detect
    quality_drift = self._check_quality_drift(capability, manifest)
                    ^^^^^^^^^^^^^^^^^^^^^^^^^^^^^^^^^^^^^^^^^^^^^^^
cores/v1/drift_detector.py:249: in _check_quality_drift
    report = self.quality_gate.evaluate(latest, capability)
             ^^^^^^^^^^^^^^^^^^^^^^^^^^^^^^^^^^^^^^^^^^^^^^
cores/v1/quality_gate.py:93: in evaluate
    scores["drift_check"] = self._check_drift(skill_path, report)
                            ^^^^^^^^^^^^^^^^^^^^^^^^^^^^^^^^^^^^^
cores/v1/quality_gate.py:257: in _check_drift
    drift_report = detector.detect(capability)
                   ^^^^^^^^^^^^^^^^^^^^^^^^^^^
cores/v1/drift_detector.py:117: in detect
    quality_drift = self._check_quality_drift(capability, manifest)
                    ^^^^^^^^^^^^^^^^^^^^^^^^^^^^^^^^^^^^^^^^^^^^^^^
cores/v1/drift_detector.py:249: in _check_quality_drift
    report = self.quality_gate.evaluate(latest, capability)
             ^^^^^^^^^^^^^^^^^^^^^^^^^^^^^^^^^^^^^^^^^^^^^^
cores/v1/quality_gate.py:93: in evaluate
    scores["drift_check"] = self._check_drift(skill_path, report)
                            ^^^^^^^^^^^^^^^^^^^^^^^^^^^^^^^^^^^^^
cores/v1/quality_gate.py:257: in _check_drift
    drift_report = detector.detect(capability)
                   ^^^^^^^^^^^^^^^^^^^^^^^^^^^
cores/v1/drift_detector.py:117: in detect
    quality_drift = self._check_quality_drift(capability, manifest)
                    ^^^^^^^^^^^^^^^^^^^^^^^^^^^^^^^^^^^^^^^^^^^^^^^
cores/v1/drift_detector.py:249: in _check_quality_drift
    report = self.quality_gate.evaluate(latest, capability)
             ^^^^^^^^^^^^^^^^^^^^^^^^^^^^^^^^^^^^^^^^^^^^^^
cores/v1/quality_gate.py:93: in evaluate
    scores["drift_check"] = self._check_drift(skill_path, report)
                            ^^^^^^^^^^^^^^^^^^^^^^^^^^^^^^^^^^^^^
cores/v1/quality_gate.py:257: in _check_drift
    drift_report = detector.detect(capability)
                   ^^^^^^^^^^^^^^^^^^^^^^^^^^^
cores/v1/drift_detector.py:117: in detect
    quality_drift = self._check_quality_drift(capability, manifest)
                    ^^^^^^^^^^^^^^^^^^^^^^^^^^^^^^^^^^^^^^^^^^^^^^^
cores/v1/drift_detector.py:249: in _check_quality_drift
    report = self.quality_gate.evaluate(latest, capability)
             ^^^^^^^^^^^^^^^^^^^^^^^^^^^^^^^^^^^^^^^^^^^^^^
cores/v1/quality_gate.py:93: in evaluate
    scores["drift_check"] = self._check_drift(skill_path, report)
                            ^^^^^^^^^^^^^^^^^^^^^^^^^^^^^^^^^^^^^
cores/v1/quality_gate.py:257: in _check_drift
    drift_report = detector.detect(capability)
                   ^^^^^^^^^^^^^^^^^^^^^^^^^^^
cores/v1/drift_detector.py:117: in detect
    quality_drift = self._check_quality_drift(capability, manifest)
                    ^^^^^^^^^^^^^^^^^^^^^^^^^^^^^^^^^^^^^^^^^^^^^^^
cores/v1/drift_detector.py:249: in _check_quality_drift
    report = self.quality_gate.evaluate(latest, capability)
             ^^^^^^^^^^^^^^^^^^^^^^^^^^^^^^^^^^^^^^^^^^^^^^
cores/v1/quality_gate.py:93: in evaluate
    scores["drift_check"] = self._check_drift(skill_path, report)
                            ^^^^^^^^^^^^^^^^^^^^^^^^^^^^^^^^^^^^^
cores/v1/quality_gate.py:257: in _check_drift
    drift_report = detector.detect(capability)
                   ^^^^^^^^^^^^^^^^^^^^^^^^^^^
cores/v1/drift_detector.py:117: in detect
    quality_drift = self._check_quality_drift(capability, manifest)
                    ^^^^^^^^^^^^^^^^^^^^^^^^^^^^^^^^^^^^^^^^^^^^^^^
cores/v1/drift_detector.py:249: in _check_quality_drift
    report = self.quality_gate.evaluate(latest, capability)
             ^^^^^^^^^^^^^^^^^^^^^^^^^^^^^^^^^^^^^^^^^^^^^^
cores/v1/quality_gate.py:93: in evaluate
    scores["drift_check"] = self._check_drift(skill_path, report)
                            ^^^^^^^^^^^^^^^^^^^^^^^^^^^^^^^^^^^^^
cores/v1/quality_gate.py:257: in _check_drift
    drift_report = detector.detect(capability)
                   ^^^^^^^^^^^^^^^^^^^^^^^^^^^
cores/v1/drift_detector.py:117: in detect
    quality_drift = self._check_quality_drift(capability, manifest)
                    ^^^^^^^^^^^^^^^^^^^^^^^^^^^^^^^^^^^^^^^^^^^^^^^
cores/v1/drift_detector.py:249: in _check_quality_drift
    report = self.quality_gate.evaluate(latest, capability)
             ^^^^^^^^^^^^^^^^^^^^^^^^^^^^^^^^^^^^^^^^^^^^^^
cores/v1/quality_gate.py:93: in evaluate
    scores["drift_check"] = self._check_drift(skill_path, report)
                            ^^^^^^^^^^^^^^^^^^^^^^^^^^^^^^^^^^^^^
cores/v1/quality_gate.py:257: in _check_drift
    drift_report = detector.detect(capability)
                   ^^^^^^^^^^^^^^^^^^^^^^^^^^^
cores/v1/drift_detector.py:117: in detect
    quality_drift = self._check_quality_drift(capability, manifest)
                    ^^^^^^^^^^^^^^^^^^^^^^^^^^^^^^^^^^^^^^^^^^^^^^^
cores/v1/drift_detector.py:249: in _check_quality_drift
    report = self.quality_gate.evaluate(latest, capability)
             ^^^^^^^^^^^^^^^^^^^^^^^^^^^^^^^^^^^^^^^^^^^^^^
cores/v1/quality_gate.py:93: in evaluate
    scores["drift_check"] = self._check_drift(skill_path, report)
                            ^^^^^^^^^^^^^^^^^^^^^^^^^^^^^^^^^^^^^
cores/v1/quality_gate.py:257: in _check_drift
    drift_report = detector.detect(capability)
                   ^^^^^^^^^^^^^^^^^^^^^^^^^^^
cores/v1/drift_detector.py:117: in detect
    quality_drift = self._check_quality_drift(capability, manifest)
                    ^^^^^^^^^^^^^^^^^^^^^^^^^^^^^^^^^^^^^^^^^^^^^^^
cores/v1/drift_detector.py:249: in _check_quality_drift
    report = self.quality_gate.evaluate(latest, capability)
             ^^^^^^^^^^^^^^^^^^^^^^^^^^^^^^^^^^^^^^^^^^^^^^
cores/v1/quality_gate.py:93: in evaluate
    scores["drift_check"] = self._check_drift(skill_path, report)
                            ^^^^^^^^^^^^^^^^^^^^^^^^^^^^^^^^^^^^^
cores/v1/quality_gate.py:257: in _check_drift
    drift_report = detector.detect(capability)
                   ^^^^^^^^^^^^^^^^^^^^^^^^^^^
cores/v1/drift_detector.py:117: in detect
    quality_drift = self._check_quality_drift(capability, manifest)
                    ^^^^^^^^^^^^^^^^^^^^^^^^^^^^^^^^^^^^^^^^^^^^^^^
cores/v1/drift_detector.py:249: in _check_quality_drift
    report = self.quality_gate.evaluate(latest, capability)
             ^^^^^^^^^^^^^^^^^^^^^^^^^^^^^^^^^^^^^^^^^^^^^^
cores/v1/quality_gate.py:93: in evaluate
    scores["drift_check"] = self._check_drift(skill_path, report)
                            ^^^^^^^^^^^^^^^^^^^^^^^^^^^^^^^^^^^^^
cores/v1/quality_gate.py:257: in _check_drift
    drift_report = detector.detect(capability)
                   ^^^^^^^^^^^^^^^^^^^^^^^^^^^
cores/v1/drift_detector.py:117: in detect
    quality_drift = self._check_quality_drift(capability, manifest)
                    ^^^^^^^^^^^^^^^^^^^^^^^^^^^^^^^^^^^^^^^^^^^^^^^
cores/v1/drift_detector.py:249: in _check_quality_drift
    report = self.quality_gate.evaluate(latest, capability)
             ^^^^^^^^^^^^^^^^^^^^^^^^^^^^^^^^^^^^^^^^^^^^^^
cores/v1/quality_gate.py:93: in evaluate
    scores["drift_check"] = self._check_drift(skill_path, report)
                            ^^^^^^^^^^^^^^^^^^^^^^^^^^^^^^^^^^^^^
cores/v1/quality_gate.py:257: in _check_drift
    drift_report = detector.detect(capability)
                   ^^^^^^^^^^^^^^^^^^^^^^^^^^^
cores/v1/drift_detector.py:117: in detect
    quality_drift = self._check_quality_drift(capability, manifest)
                    ^^^^^^^^^^^^^^^^^^^^^^^^^^^^^^^^^^^^^^^^^^^^^^^
cores/v1/drift_detector.py:249: in _check_quality_drift
    report = self.quality_gate.evaluate(latest, capability)
             ^^^^^^^^^^^^^^^^^^^^^^^^^^^^^^^^^^^^^^^^^^^^^^
cores/v1/quality_gate.py:93: in evaluate
    scores["drift_check"] = self._check_drift(skill_path, report)
                            ^^^^^^^^^^^^^^^^^^^^^^^^^^^^^^^^^^^^^
cores/v1/quality_gate.py:257: in _check_drift
    drift_report = detector.detect(capability)
                   ^^^^^^^^^^^^^^^^^^^^^^^^^^^
cores/v1/drift_detector.py:117: in detect
    quality_drift = self._check_quality_drift(capability, manifest)
                    ^^^^^^^^^^^^^^^^^^^^^^^^^^^^^^^^^^^^^^^^^^^^^^^
cores/v1/drift_detector.py:249: in _check_quality_drift
    report = self.quality_gate.evaluate(latest, capability)
             ^^^^^^^^^^^^^^^^^^^^^^^^^^^^^^^^^^^^^^^^^^^^^^
cores/v1/quality_gate.py:93: in evaluate
    scores["drift_check"] = self._check_drift(skill_path, report)
                            ^^^^^^^^^^^^^^^^^^^^^^^^^^^^^^^^^^^^^
cores/v1/quality_gate.py:257: in _check_drift
    drift_report = detector.detect(capability)
                   ^^^^^^^^^^^^^^^^^^^^^^^^^^^
cores/v1/drift_detector.py:117: in detect
    quality_drift = self._check_quality_drift(capability, manifest)
                    ^^^^^^^^^^^^^^^^^^^^^^^^^^^^^^^^^^^^^^^^^^^^^^^
cores/v1/drift_detector.py:249: in _check_quality_drift
    report = self.quality_gate.evaluate(latest, capability)
             ^^^^^^^^^^^^^^^^^^^^^^^^^^^^^^^^^^^^^^^^^^^^^^
cores/v1/quality_gate.py:93: in evaluate
    scores["drift_check"] = self._check_drift(skill_path, report)
                            ^^^^^^^^^^^^^^^^^^^^^^^^^^^^^^^^^^^^^
cores/v1/quality_gate.py:257: in _check_drift
    drift_report = detector.detect(capability)
                   ^^^^^^^^^^^^^^^^^^^^^^^^^^^
cores/v1/drift_detector.py:117: in detect
    quality_drift = self._check_quality_drift(capability, manifest)
                    ^^^^^^^^^^^^^^^^^^^^^^^^^^^^^^^^^^^^^^^^^^^^^^^
cores/v1/drift_detector.py:249: in _check_quality_drift
    report = self.quality_gate.evaluate(latest, capability)
             ^^^^^^^^^^^^^^^^^^^^^^^^^^^^^^^^^^^^^^^^^^^^^^
cores/v1/quality_gate.py:93: in evaluate
    scores["drift_check"] = self._check_drift(skill_path, report)
                            ^^^^^^^^^^^^^^^^^^^^^^^^^^^^^^^^^^^^^
cores/v1/quality_gate.py:257: in _check_drift
    drift_report = detector.detect(capability)
                   ^^^^^^^^^^^^^^^^^^^^^^^^^^^
cores/v1/drift_detector.py:117: in detect
    quality_drift = self._check_quality_drift(capability, manifest)
                    ^^^^^^^^^^^^^^^^^^^^^^^^^^^^^^^^^^^^^^^^^^^^^^^
cores/v1/drift_detector.py:249: in _check_quality_drift
    report = self.quality_gate.evaluate(latest, capability)
             ^^^^^^^^^^^^^^^^^^^^^^^^^^^^^^^^^^^^^^^^^^^^^^
cores/v1/quality_gate.py:93: in evaluate
    scores["drift_check"] = self._check_drift(skill_path, report)
                            ^^^^^^^^^^^^^^^^^^^^^^^^^^^^^^^^^^^^^
cores/v1/quality_gate.py:257: in _check_drift
    drift_report = detector.detect(capability)
                   ^^^^^^^^^^^^^^^^^^^^^^^^^^^
cores/v1/drift_detector.py:117: in detect
    quality_drift = self._check_quality_drift(capability, manifest)
                    ^^^^^^^^^^^^^^^^^^^^^^^^^^^^^^^^^^^^^^^^^^^^^^^
cores/v1/drift_detector.py:249: in _check_quality_drift
    report = self.quality_gate.evaluate(latest, capability)
             ^^^^^^^^^^^^^^^^^^^^^^^^^^^^^^^^^^^^^^^^^^^^^^
cores/v1/quality_gate.py:93: in evaluate
    scores["drift_check"] = self._check_drift(skill_path, report)
                            ^^^^^^^^^^^^^^^^^^^^^^^^^^^^^^^^^^^^^
cores/v1/quality_gate.py:257: in _check_drift
    drift_report = detector.detect(capability)
                   ^^^^^^^^^^^^^^^^^^^^^^^^^^^
cores/v1/drift_detector.py:117: in detect
    quality_drift = self._check_quality_drift(capability, manifest)
                    ^^^^^^^^^^^^^^^^^^^^^^^^^^^^^^^^^^^^^^^^^^^^^^^
cores/v1/drift_detector.py:249: in _check_quality_drift
    report = self.quality_gate.evaluate(latest, capability)
             ^^^^^^^^^^^^^^^^^^^^^^^^^^^^^^^^^^^^^^^^^^^^^^
cores/v1/quality_gate.py:93: in evaluate
    scores["drift_check"] = self._check_drift(skill_path, report)
                            ^^^^^^^^^^^^^^^^^^^^^^^^^^^^^^^^^^^^^
cores/v1/quality_gate.py:257: in _check_drift
    drift_report = detector.detect(capability)
                   ^^^^^^^^^^^^^^^^^^^^^^^^^^^
cores/v1/drift_detector.py:117: in detect
    quality_drift = self._check_quality_drift(capability, manifest)
                    ^^^^^^^^^^^^^^^^^^^^^^^^^^^^^^^^^^^^^^^^^^^^^^^
cores/v1/drift_detector.py:249: in _check_quality_drift
    report = self.quality_gate.evaluate(latest, capability)
             ^^^^^^^^^^^^^^^^^^^^^^^^^^^^^^^^^^^^^^^^^^^^^^
cores/v1/quality_gate.py:93: in evaluate
    scores["drift_check"] = self._check_drift(skill_path, report)
                            ^^^^^^^^^^^^^^^^^^^^^^^^^^^^^^^^^^^^^
cores/v1/quality_gate.py:257: in _check_drift
    drift_report = detector.detect(capability)
                   ^^^^^^^^^^^^^^^^^^^^^^^^^^^
cores/v1/drift_detector.py:117: in detect
    quality_drift = self._check_quality_drift(capability, manifest)
                    ^^^^^^^^^^^^^^^^^^^^^^^^^^^^^^^^^^^^^^^^^^^^^^^
cores/v1/drift_detector.py:249: in _check_quality_drift
    report = self.quality_gate.evaluate(latest, capability)
             ^^^^^^^^^^^^^^^^^^^^^^^^^^^^^^^^^^^^^^^^^^^^^^
cores/v1/quality_gate.py:93: in evaluate
    scores["drift_check"] = self._check_drift(skill_path, report)
                            ^^^^^^^^^^^^^^^^^^^^^^^^^^^^^^^^^^^^^
cores/v1/quality_gate.py:257: in _check_drift
    drift_report = detector.detect(capability)
                   ^^^^^^^^^^^^^^^^^^^^^^^^^^^
cores/v1/drift_detector.py:117: in detect
    quality_drift = self._check_quality_drift(capability, manifest)
                    ^^^^^^^^^^^^^^^^^^^^^^^^^^^^^^^^^^^^^^^^^^^^^^^
cores/v1/drift_detector.py:249: in _check_quality_drift
    report = self.quality_gate.evaluate(latest, capability)
             ^^^^^^^^^^^^^^^^^^^^^^^^^^^^^^^^^^^^^^^^^^^^^^
cores/v1/quality_gate.py:93: in evaluate
    scores["drift_check"] = self._check_drift(skill_path, report)
                            ^^^^^^^^^^^^^^^^^^^^^^^^^^^^^^^^^^^^^
cores/v1/quality_gate.py:257: in _check_drift
    drift_report = detector.detect(capability)
                   ^^^^^^^^^^^^^^^^^^^^^^^^^^^
cores/v1/drift_detector.py:117: in detect
    quality_drift = self._check_quality_drift(capability, manifest)
                    ^^^^^^^^^^^^^^^^^^^^^^^^^^^^^^^^^^^^^^^^^^^^^^^
cores/v1/drift_detector.py:249: in _check_quality_drift
    report = self.quality_gate.evaluate(latest, capability)
             ^^^^^^^^^^^^^^^^^^^^^^^^^^^^^^^^^^^^^^^^^^^^^^
cores/v1/quality_gate.py:93: in evaluate
    scores["drift_check"] = self._check_drift(skill_path, report)
[...]
    from skills.hw_test.v1.skill import execute
E   ModuleNotFoundError: No module named 'skills.hw_test.v1'</failure></testcase><testcase classname="tests.test_e2e.TestHWTestSkill" name="test_execute_usb_returns_list" time="0.001"><failure message="ModuleNotFoundError: No module named 'skills.hw_test.v1'">tests/test_e2e.py:2108: in test_execute_usb_returns_list
    from skills.hw_test.v1.skill import execute
E   ModuleNotFoundError: No module named 'skills.hw_test.v1'</failure></testcase><testcase classname="tests.test_e2e.TestHWTestSkill" name="test_free_text_action_parsing" time="0.001"><failure message="ModuleNotFoundError: No module named 'skills.hw_test.v1'">tests/test_e2e.py:2184: in test_free_text_action_parsing
    from skills.hw_test.v1.skill import HWTestSkill
E   ModuleNotFoundError: No module named 'skills.hw_test.v1'</failure></testcase><testcase classname="tests.test_e2e.TestHWTestSkill" name="test_loopback_frequency_check" time="0.001"><failure message="ModuleNotFoundError: No module named 'skills.hw_test.v1'">tests/test_e2e.py:2167: in test_loopback_frequency_check
    from skills.hw_test.v1.skill import AudioLoopbackTester, AudioInputTester
E   ModuleNotFoundError: No module named 'skills.hw_test.v1'</failure></testcase><testcase classname="tests.test_e2e.TestHWTestSkill" name="test_report_includes_pulse_details" time="0.001"><failure message="ModuleNotFoundError: No module named 'skills.hw_test.v1'">tests/test_e2e.py:2198: in test_report_includes_pulse_details
    from skills.hw_test.v1.skill import execute
E   ModuleNotFoundError: No module named 'skills.hw_test.v1'</failure></testcase><testcase classname="tests.test_e2e.TestHWTestSkill" name="test_skill_loads_and_has_interface" time="0.001"><failure message="ModuleNotFoundError: No module named 'skills.hw_test.v1'">tests/test_e2e.py:2071: in test_skill_loads_and_has_interface
    from skills.hw_test.v1.skill import execute, get_info, health_check, HWTestSkill
E   ModuleNotFoundError: No module named 'skills.hw_test.v1'</failure></testcase><testcase classname="tests.test_e2e.TestSkillQualityGate" name="test_code_quality_metrics" time="0.051" /><testcase classname="tests.test_e2e.TestSkillQualityGate" name="test_compare_detects_regression" time="0.001" /><testcase classname="tests.test_e2e.TestSkillQualityGate" name="test_empty_file_fails" time="0.018" /><testcase classname="tests.test_e2e.TestSkillQualityGate" name="test_good_skill_passes" time="0.052" /><testcase classname="tests.test_e2e.TestSkillQualityGate" name="test_missing_interface_warns" time="0.018" /><testcase classname="tests.test_e2e.TestSkillQualityGate" name="test_nonexistent_file" time="0.001" /><testcase classname="tests.test_e2e.TestSkillQualityGate" name="test_report_summary" time="0.001" /><testcase classname="tests.test_e2e.TestSkillQualityGate" name="test_should_register" time="0.001" /><testcase classname="tests.test_e2e.TestSkillQualityGate" name="test_syntax_error_fails" time="0.002" /><testcase classname="tests.test_e2e.TestSkillValidator" name="test_generic_failure" time="0.001" /><testcase classname="tests.test_e2e.TestSkillValidator" name="test_generic_success" time="0.001" /><testcase classname="tests.test_e2e.TestSkillValidator" name="test_inner_failure" time="0.001" /><testcase classname="tests.test_e2e.TestSkillValidator" name="test_list_validators" time="0.001" /><testcase classname="tests.test_e2e.TestSkillValidator" name="test_non_dict_inner_trusted" time="0.001" /><testcase classname="tests.test_e2e.TestSkillValidator" name="test_register_custom_validator" time="0.001" /><testcase classname="tests.test_e2e.TestSkillValidator" name="test_shell_nonzero_exit" time="0.001" /><testcase classname="tests.test_e2e.TestSkillValidator" name="test_shell_success" time="0.001" /><testcase classname="tests.test_e2e.TestSkillValidator" name="test_stt_empty_transcription" time="0.001" /><testcase classname="tests.test_e2e.TestSkillValidator" name="test_stt_hardware_fail" time="0.001" /><testcase classname="tests.test_e2e.TestSkillValidator" name="test_stt_silence" time="0.001" /><testcase classname="tests.test_e2e.TestSkillValidator" name="test_stt_success" time="0.001" /><testcase classname="tests.test_e2e.TestSkillValidator" name="test_tts_error" time="0.001" /><testcase classname="tests.test_e2e.TestSkillValidator" name="test_unregister_validator" time="0.001" /><testcase classname="tests.test_e2e.TestSkillValidator" name="test_validation_result_to_dict" time="0.001" /><testcase classname="tests.test_e2e.TestSkillValidator" name="test_web_search_empty" time="0.001" /><testcase classname="tests.test_e2e.TestSkillValidator" name="test_web_search_local_net" time="0.001" /><testcase classname="tests.test_e2e.TestSkillValidator" name="test_web_search_with_results" time="0.001" /><testcase classname="tests.test_multilingual.TestI18nModule" name="test_all_languages_have_action_verbs" time="0.001" /><testcase classname="tests.test_multilingual.TestI18nModule" name="test_all_languages_have_create_keywords" time="0.001" /><testcase classname="tests.test_multilingual.TestI18nModule" name="test_all_languages_have_evolve_keywords" time="0.001" /><testcase classname="tests.test_multilingual.TestI18nModule" name="test_all_languages_have_greeting_patterns" time="0.001" /><testcase classname="tests.test_multilingual.TestI18nModule" name="test_all_languages_have_question_words" time="0.001" /><testcase classname="tests.test_multilingual.TestI18nModule" name="test_all_languages_have_search_keywords" time="0.001" /><testcase classname="tests.test_multilingual.TestI18nModule" name="test_all_languages_have_stt_keywords" time="0.001" /><testcase classname="tests.test_multilingual.TestI18nModule" name="test_all_languages_have_tts_keywords" time="0.001" /><testcase classname="tests.test_multilingual.TestI18nModule" name="test_all_languages_have_yes_no" time="0.001" /><testcase classname="tests.test_multilingual.TestI18nModule" name="test_flat_sets_not_empty" time="0.001" /><testcase classname="tests.test_multilingual.TestNormalizeDiacritics" name="test_cyrillic_passthrough" time="0.001" /><testcase classname="tests.test_multilingual.TestNormalizeDiacritics" name="test_czech" time="0.001" /><testcase classname="tests.test_multilingual.TestNormalizeDiacritics" name="test_french" time="0.001" /><testcase classname="tests.test_multilingual.TestNormalizeDiacritics" name="test_german" time="0.001" /><testcase classname="tests.test_multilingual.TestNormalizeDiacritics" name="test_hungarian" time="0.001" /><testcase classname="tests.test_multilingual.TestNormalizeDiacritics" name="test_icelandic" time="0.001" /><testcase classname="tests.test_multilingual.TestNormalizeDiacritics" name="test_plain_ascii" time="0.001" /><testcase classname="tests.test_multilingual.TestNormalizeDiacritics" name="test_polish" time="0.001" /><testcase classname="tests.test_multilingual.TestNormalizeDiacritics" name="test_romanian" time="0.001" /><testcase classname="tests.test_multilingual.TestNormalizeDiacritics" name="test_scandinavian" time="0.001" /><testcase classname="tests.test_multilingual.TestNormalizeDiacritics" name="test_spanish" time="0.001" /><testcase classname="tests.test_multilingual.TestNormalizeDiacritics" name="test_turkish" time="0.001" /><testcase classname="tests.test_multilingual.TestMatchAnyKeyword" name="test_case_insensitive" time="0.001" /><testcase classname="tests.test_multilingual.TestMatchAnyKeyword" name="test_french_tts" time="0.001" /><testcase classname="tests.test_multilingual.TestMatchAnyKeyword" name="test_german_tts" time="0.001" /><testcase classname="tests.test_multilingual.TestMatchAnyKeyword" name="test_italian_search" time="0.001" /><testcase classname="tests.test_multilingual.TestMatchAnyKeyword" name="test_no_match" time="0.003" /><testcase classname="tests.test_multilingual.TestMatchAnyKeyword" name="test_polish_tts" time="0.003" /><testcase classname="tests.test_multilingual.TestMatchAnyKeyword" name="test_russian_create" time="0.002" /><testcase classname="tests.test_multilingual.TestMatchAnyKeyword" name="test_spanish_stt" time="0.003" /><testcase classname="tests.test_multilingual.TestMatchAnyKeyword" name="test_turkish_evolve" time="0.001" /><testcase classname="tests.test_multilingual.TestConversationalDetectionMultilingual" name="test_action_verbs_not_conversational" time="0.053" /><testcase classname="tests.test_multilingual.TestConversationalDetectionMultilingual" name="test_create_not_conversational_multilingual" time="0.013" /><testcase classname="tests.test_multilingual.TestConversationalDetectionMultilingual" name="test_farewells_conversational" time="0.049" /><testcase classname="tests.test_multilingual.TestConversationalDetectionMultilingual" name="test_greetings_all_languages" time="0.139" /><testcase classname="tests.test_multilingual.TestConversationalDetectionMultilingual" name="test_thanks_conversational" time="0.075" /><testcase classname="tests.test_multilingual.TestKeywordPrefilterMultilingual" name="test_create_keywords_per_language" time="0.248" /><testcase classname="tests.test_multilingual.TestKeywordPrefilterMultilingual" name="test_evolve_keywords_per_language" time="0.267" /><testcase classname="tests.test_multilingual.TestKeywordPrefilterMultilingual" name="test_search_keywords_per_language" time="0.181" /><testcase classname="tests.test_multilingual.TestKeywordPrefilterMultilingual" name="test_shell_keywords_per_language" time="0.141" /><testcase classname="tests.test_multilingual.TestKeywordPrefilterMultilingual" name="test_stt_keywords_per_language" time="0.059" /><testcase classname="tests.test_multilingual.TestKeywordPrefilterMultilingual" name="test_tts_keywords_per_language" time="0.030" /><testcase classname="tests.test_multilingual.TestCrossLanguageConsistency" name="test_all_equivalent_commands_same_action" time="0.893" /><testcase classname="tests.test_multilingual.TestCrossLanguageConsistency" name="test_all_equivalent_commands_same_skill" time="0.388" /><testcase classname="tests.test_multilingual.TestDetectLanguage" name="test_czech" time="0.001" /><testcase classname="tests.test_multilingual.TestDetectLanguage" name="test_english_plain" time="0.001" /><testcase classname="tests.test_multilingual.TestDetectLanguage" name="test_german" time="0.001" /><testcase classname="tests.test_multilingual.TestDetectLanguage" name="test_greek" time="0.001" /><testcase classname="tests.test_multilingual.TestDetectLanguage" name="test_polish" time="0.001" /><testcase classname="tests.test_multilingual.TestDetectLanguage" name="test_romanian" time="0.001" /><testcase classname="tests.test_multilingual.TestDetectLanguage" name="test_russian" time="0.001" /><testcase classname="tests.test_multilingual.TestDetectLanguage" name="test_spanish" time="0.001" /><testcase classname="tests.test_multilingual.TestDetectLanguage" name="test_turkish" time="0.001" /><testcase classname="tests.test_multilingual.TestDetectLanguage" name="test_ukrainian" time="0.001" /><testcase classname="tests.test_multilingual.TestTrivialWordsMultilingual" name="test_trivial_greetings" time="0.004" /><testcase classname="tests.test_multilingual.TestTrivialWordsMultilingual" name="test_yes_no_all_languages" time="0.005" /><testcase classname="tests.test_multilingual.TestSkillCreationMultilingual" name="test_conversational_blocks_creation_all_langs" time="0.152" /><testcase classname="tests.test_multilingual.TestSkillCreationMultilingual" name="test_create_commands_allow_creation" time="0.014" /><testcase classname="tests.test_multilingual.TestEmbeddingSimilarityMultilingual" name="test_create_skill_cross_lingual" time="0.004" /><testcase classname="tests.test_multilingual.TestEmbeddingSimilarityMultilingual" name="test_same_meaning_different_languages_higher_similarity" time="0.004" /><testcase classname="tests.test_multilingual.TestSmartIntentPrefilterMultilingual" name="test_create_czech" time="0.024" /><testcase classname="tests.test_multilingual.TestSmartIntentPrefilterMultilingual" name="test_evolve_romanian" time="0.014" /><testcase classname="tests.test_multilingual.TestSmartIntentPrefilterMultilingual" name="test_search_dutch" time="0.008" /><testcase classname="tests.test_multilingual.TestSmartIntentPrefilterMultilingual" name="test_shell_swedish" time="0.010" /><testcase classname="tests.test_multilingual.TestSmartIntentPrefilterMultilingual" name="test_stt_italian" time="0.003" /><testcase classname="tests.test_multilingual.TestSmartIntentPrefilterMultilingual" name="test_stt_portuguese" time="0.004" /><testcase classname="tests.test_multilingual.TestSmartIntentPrefilterMultilingual" name="test_tts_french" time="0.034"><failure message="AssertionError: 'shell' != 'tts'&#10;- shell&#10;+ tts">tests/test_multilingual.py:774: in test_tts_french
    self.assertEqual(r.skill, "tts")
E   AssertionError: 'shell' != 'tts'
E   - shell
E   + tts</failure></testcase><testcase classname="tests.test_multilingual.TestSmartIntentPrefilterMultilingual" name="test_tts_german" time="0.001" /><testcase classname="tests.test_multilingual.TestSmartIntentPrefilterMultilingual" name="test_tts_spanish" time="0.002" /><testcase classname="tests.test_multilingual.TestSmartIntentPrefilterMultilingual" name="test_voice_mode_german" time="0.006" /><testcase classname="tests.test_multilingual.TestLanguageCoverage" name="test_minimum_keywords_per_language" time="0.066" /><testcase classname="tests.test_multilingual.TestLanguageCoverage" name="test_total_language_count" time="0.001" /><testcase classname="tests.test_sprint0.TestBaseSkill" name="test_baseskill_execute_not_implemented" time="0.001" /><testcase classname="tests.test_sprint0.TestBaseSkill" name="test_baseskill_get_info" time="0.001" /><testcase classname="tests.test_sprint0.TestBaseSkill" name="test_baseskill_health_check" time="0.001" /><testcase classname="tests.test_sprint0.TestBaseSkill" name="test_baseskill_not_implemented_caught_by_safe" time="0.001" /><testcase classname="tests.test_sprint0.TestBaseSkill" name="test_baseskill_safe_execute_catches_errors" time="0.001" /><testcase classname="tests.test_sprint0.TestBaseSkill" name="test_baseskill_safe_execute_non_dict_input" time="0.001" /><testcase classname="tests.test_sprint0.TestBaseSkill" name="test_baseskill_safe_execute_non_dict_result" time="0.001" /><testcase classname="tests.test_sprint0.TestBaseSkill" name="test_baseskill_safe_execute_normalizes_output" time="0.001" /><testcase classname="tests.test_sprint0.TestMakeModuleFunctions" name="test_make_module_functions" time="0.001" /><testcase classname="tests.test_sprint0.TestMakeModuleFunctions" name="test_make_module_functions_error_handling" time="0.001" /><testcase classname="tests.test_sprint0.TestSkillManifest" name="test_from_dict_basic" time="0.001" /><testcase classname="tests.test_sprint0.TestSkillManifest" name="test_from_dict_simple_types" time="0.001" /><testcase classname="tests.test_sprint0.TestSkillManifest" name="test_from_file_json" time="0.002" /><testcase classname="tests.test_sprint0.TestSkillManifest" name="test_from_file_missing" time="0.001" /><testcase classname="tests.test_sprint0.TestSkillManifest" name="test_get_defaults" time="0.001" /><testcase classname="tests.test_sprint0.TestSkillManifest" name="test_manifest_with_requires" time="0.001" /><testcase classname="tests.test_sprint0.TestSkillManifest" name="test_to_dict_roundtrip" time="0.001" /><testcase classname="tests.test_sprint0.TestSkillManifest" name="test_validate_input_passes" time="0.001" /><testcase classname="tests.test_sprint0.TestSkillManifest" name="test_validate_input_required" time="0.001" /><testcase classname="tests.test_sprint0.TestSkillManifest" name="test_validate_input_type_mismatch" time="0.001" /><testcase classname="tests.test_sprint0.TestScaffoldGeneration" name="test_generate_manifest_yaml" time="0.001" /><testcase classname="tests.test_sprint0.TestScaffoldGeneration" name="test_generate_scaffold_basic" time="0.001" /><testcase classname="tests.test_sprint0.TestScaffoldGeneration" name="test_generate_scaffold_with_inputs" time="0.001" /><testcase classname="tests.test_sprint0.TestIsConversational" name="test_action_queries_are_not_conversational" time="0.026" /><testcase classname="tests.test_sprint0.TestIsConversational" name="test_empty_is_conversational" time="0.001" /><testcase classname="tests.test_sprint0.TestIsConversational" name="test_farewells_are_conversational" time="0.018" /><testcase classname="tests.test_sprint0.TestIsConversational" name="test_greetings_are_conversational" time="0.013" /><testcase classname="tests.test_sprint0.TestIsConversational" name="test_questions_are_conversational" time="0.024" /><testcase classname="tests.test_sprint0.TestIsConversational" name="test_short_non_action_is_conversational" time="0.015" /><testcase classname="tests.test_sprint0.TestErrorBudget" name="test_exhausted_after_max" time="0.001" /><testcase classname="tests.test_sprint0.TestErrorBudget" name="test_initial_not_exhausted" time="0.001" /><testcase classname="tests.test_sprint0.TestErrorBudget" name="test_not_exhausted_below_max" time="0.001" /><testcase classname="tests.test_sprint0.TestErrorBudget" name="test_time_until_reset" time="0.001" /><testcase classname="tests.test_sprint0.TestSkillForge" name="test_budget_exceeded" time="0.001" /><testcase classname="tests.test_sprint0.TestSkillForge" name="test_conversational_returns_chat" time="0.004" /><testcase classname="tests.test_sprint0.TestSkillForge" name="test_keyword_search_name_match" time="0.001" /><testcase classname="tests.test_sprint0.TestSkillForge" name="test_new_skill_needed" time="0.009" /><testcase classname="tests.test_sprint0.TestSkillForge" name="test_record_create_error" time="0.001" /><testcase classname="tests.test_sprint0.TestSkillForge" name="test_reuse_high_similarity" time="0.009" /><testcase classname="tests.test_sprint0.TestSkillForge" name="test_stats" time="0.001" /><testcase classname="tests.test_sprint0.TestPipelineRetry" name="test_backward_compat_no_retry_fields" time="0.013" /><testcase classname="tests.test_sprint0.TestPipelineRetry" name="test_depends_on_validation" time="0.001" /><testcase classname="tests.test_sprint0.TestPipelineRetry" name="test_fallback_also_fails" time="0.002" /><testcase classname="tests.test_sprint0.TestPipelineRetry" name="test_fallback_skill" time="0.002" /><testcase classname="tests.test_sprint0.TestPipelineRetry" name="test_multiple_steps_mixed_errors" time="0.002" /><testcase classname="tests.test_sprint0.TestPipelineRetry" name="test_on_error_skip" time="0.002" /><testcase classname="tests.test_sprint0.TestPipelineRetry" name="test_output_key_propagation" time="0.001" /><testcase classname="tests.test_sprint0.TestPipelineRetry" name="test_retry_all_fail" time="3.003" /><testcase classname="tests.test_sprint0.TestPipelineRetry" name="test_retry_plus_fallback" time="1.004" /><testcase classname="tests.test_sprint0.TestPipelineRetry" name="test_retry_then_succeed" time="1.010" /><testcase classname="tests.test_sprint0.TestPipelineRetry" name="test_simple_success" time="0.001" /><testcase classname="tests.test_sprint0.TestPipelineRetry" name="test_step_failure_default" time="0.002" /><testcase classname="tests.test_sprint0.TestEvoEngineForgeIntegration" name="test_chat_budget_exceeded_returns_none" time="0.002" /><testcase classname="tests.test_sprint0.TestEvoEngineForgeIntegration" name="test_chat_conversational_returns_none" time="0.005" /><testcase classname="tests.test_sprint0.TestEvoEngineForgeIntegration" name="test_forge_exists" time="0.002" /><testcase classname="tests.test_ui_shortcuts.TestUiShortcuts" name="test_quick_help_contains_shortcuts" time="0.001" /><testcase classname="tests.test_ui_shortcuts.TestUiShortcuts" name="test_read_line_with_shortcuts_non_tty_reads_line" time="0.001" /></testsuite></testsuites>